<?xml version="1.0" encoding="UTF-8"?>
<testsuite xmlns:xsi="http://www.w3.org/2001/XMLSchema-instance" xsi:noNamespaceSchemaLocation="https://maven.apache.org/surefire/maven-surefire-plugin/xsd/surefire-test-report-3.0.xsd" version="3.0" name="runners.TestRunner" time="5.964" tests="1" errors="0" skipped="0" failures="0">
  <properties>
[...]
</properties>
  <testcase name="[1:3] Verify API is reachable" classname="feature/healthcheck" time="4.912">
    <system-out><![CDATA[16:29:16.370 [main] DEBUG org.apache.http.client.protocol.RequestAddCookies -- CookieSpec selected: karate
16:29:16.380 [main] DEBUG org.apache.http.client.protocol.RequestAuthCache -- Auth cache not set in the context
16:29:16.383 [main] DEBUG com.intuit.karate -- request:
1 > GET https://www.google.com
1 > Host: www.google.com
1 > Connection: Keep-Alive
1 > User-Agent: Apache-HttpClient/4.5.14 (Java/17.0.18)
1 > Accept-Encoding: gzip,deflate


16:29:16.386 [main] DEBUG org.apache.http.impl.conn.PoolingHttpClientConnectionManager -- Connection request: [route: {s}->https://www.google.com:443][total available: 0; route allocated: 0 of 5; total allocated: 0 of 10]
16:29:16.395 [main] DEBUG org.apache.http.impl.conn.PoolingHttpClientConnectionManager -- Connection leased: [id: 0][route: {s}->https://www.google.com:443][total available: 0; route allocated: 1 of 5; total allocated: 1 of 10]
16:29:16.397 [main] DEBUG org.apache.http.impl.execchain.MainClientExec -- Opening connection {s}->https://www.google.com:443
16:29:16.417 [main] DEBUG org.apache.http.impl.conn.DefaultHttpClientConnectionOperator -- Connecting to www.google.com/142.251.154.119:443
16:29:16.417 [main] DEBUG org.apache.http.conn.ssl.SSLConnectionSocketFactory -- Connecting socket to www.google.com/142.251.154.119:443 with timeout 30000
16:29:16.570 [main] DEBUG org.apache.http.conn.ssl.SSLConnectionSocketFactory -- Enabled protocols: [TLSv1.3, TLSv1.2]
16:29:16.571 [main] DEBUG org.apache.http.conn.ssl.SSLConnectionSocketFactory -- Enabled cipher suites:[TLS_AES_256_GCM_SHA384, TLS_AES_128_GCM_SHA256, TLS_CHACHA20_POLY1305_SHA256, TLS_ECDHE_ECDSA_WITH_AES_256_GCM_SHA384, TLS_ECDHE_ECDSA_WITH_AES_128_GCM_SHA256, TLS_ECDHE_ECDSA_WITH_CHACHA20_POLY1305_SHA256, TLS_ECDHE_RSA_WITH_AES_256_GCM_SHA384, TLS_ECDHE_RSA_WITH_CHACHA20_POLY1305_SHA256, TLS_ECDHE_RSA_WITH_AES_128_GCM_SHA256, TLS_DHE_RSA_WITH_AES_256_GCM_SHA384, TLS_DHE_RSA_WITH_CHACHA20_POLY1305_SHA256, TLS_DHE_DSS_WITH_AES_256_GCM_SHA384, TLS_DHE_RSA_WITH_AES_128_GCM_SHA256, TLS_DHE_DSS_WITH_AES_128_GCM_SHA256, TLS_ECDHE_ECDSA_WITH_AES_256_CBC_SHA384, TLS_ECDHE_RSA_WITH_AES_256_CBC_SHA384, TLS_ECDHE_ECDSA_WITH_AES_128_CBC_SHA256, TLS_ECDHE_RSA_WITH_AES_128_CBC_SHA256, TLS_DHE_RSA_WITH_AES_256_CBC_SHA256, TLS_DHE_DSS_WITH_AES_256_CBC_SHA256, TLS_DHE_RSA_WITH_AES_128_CBC_SHA256, TLS_DHE_DSS_WITH_AES_128_CBC_SHA256, TLS_ECDHE_ECDSA_WITH_AES_256_CBC_SHA, TLS_ECDHE_RSA_WITH_AES_256_CBC_SHA, TLS_ECDHE_ECDSA_WITH_AES_128_CBC_SHA, TLS_ECDHE_RSA_WITH_AES_128_CBC_SHA, TLS_DHE_RSA_WITH_AES_256_CBC_SHA, TLS_DHE_DSS_WITH_AES_256_CBC_SHA, TLS_DHE_RSA_WITH_AES_128_CBC_SHA, TLS_DHE_DSS_WITH_AES_128_CBC_SHA, TLS_EMPTY_RENEGOTIATION_INFO_SCSV]
16:29:16.571 [main] DEBUG org.apache.http.conn.ssl.SSLConnectionSocketFactory -- Starting handshake
16:29:17.172 [main] DEBUG org.apache.http.conn.ssl.SSLConnectionSocketFactory -- Secure session established
16:29:17.172 [main] DEBUG org.apache.http.conn.ssl.SSLConnectionSocketFactory --  negotiated protocol: TLSv1.3
16:29:17.172 [main] DEBUG org.apache.http.conn.ssl.SSLConnectionSocketFactory --  negotiated cipher suite: TLS_AES_256_GCM_SHA384
16:29:17.173 [main] DEBUG org.apache.http.conn.ssl.SSLConnectionSocketFactory --  peer principal: CN=www.google.com
16:29:17.173 [main] DEBUG org.apache.http.conn.ssl.SSLConnectionSocketFactory --  peer alternative names: [www.google.com]
16:29:17.173 [main] DEBUG org.apache.http.conn.ssl.SSLConnectionSocketFactory --  issuer principal: CN=WR2, O=Google Trust Services, C=US
16:29:17.179 [main] DEBUG org.apache.http.impl.conn.DefaultHttpClientConnectionOperator -- Connection established 10.30.198.250:59641<->142.251.154.119:443
16:29:17.180 [main] DEBUG org.apache.http.impl.conn.DefaultManagedHttpClientConnection -- http-outgoing-0: set socket timeout to 30000
16:29:17.180 [main] DEBUG org.apache.http.impl.execchain.MainClientExec -- Executing request GET / HTTP/1.1
16:29:17.180 [main] DEBUG org.apache.http.impl.execchain.MainClientExec -- Target auth state: UNCHALLENGED
16:29:17.181 [main] DEBUG org.apache.http.impl.execchain.MainClientExec -- Proxy auth state: UNCHALLENGED
16:29:17.182 [main] DEBUG org.apache.http.headers -- http-outgoing-0 >> GET / HTTP/1.1
16:29:17.183 [main] DEBUG org.apache.http.headers -- http-outgoing-0 >> Host: www.google.com
16:29:17.183 [main] DEBUG org.apache.http.headers -- http-outgoing-0 >> Connection: Keep-Alive
16:29:17.183 [main] DEBUG org.apache.http.headers -- http-outgoing-0 >> User-Agent: Apache-HttpClient/4.5.14 (Java/17.0.18)
16:29:17.183 [main] DEBUG org.apache.http.headers -- http-outgoing-0 >> Accept-Encoding: gzip,deflate
16:29:17.183 [main] DEBUG org.apache.http.wire -- http-outgoing-0 >> "GET / HTTP/1.1[\r][\n]"
16:29:17.183 [main] DEBUG org.apache.http.wire -- http-outgoing-0 >> "Host: www.google.com[\r][\n]"
16:29:17.183 [main] DEBUG org.apache.http.wire -- http-outgoing-0 >> "Connection: Keep-Alive[\r][\n]"
16:29:17.183 [main] DEBUG org.apache.http.wire -- http-outgoing-0 >> "User-Agent: Apache-HttpClient/4.5.14 (Java/17.0.18)[\r][\n]"
16:29:17.184 [main] DEBUG org.apache.http.wire -- http-outgoing-0 >> "Accept-Encoding: gzip,deflate[\r][\n]"
16:29:17.184 [main] DEBUG org.apache.http.wire -- http-outgoing-0 >> "[\r][\n]"
16:29:17.840 [main] DEBUG org.apache.http.wire -- http-outgoing-0 << "HTTP/1.1 200 OK[\r][\n]"
16:29:17.841 [main] DEBUG org.apache.http.wire -- http-outgoing-0 << "Date: Tue, 10 Mar 2026 10:59:17 GMT[\r][\n]"
16:29:17.841 [main] DEBUG org.apache.http.wire -- http-outgoing-0 << "Expires: -1[\r][\n]"
16:29:17.841 [main] DEBUG org.apache.http.wire -- http-outgoing-0 << "Cache-Control: private, max-age=0[\r][\n]"
16:29:17.841 [main] DEBUG org.apache.http.wire -- http-outgoing-0 << "Content-Type: text/html; charset=ISO-8859-1[\r][\n]"
16:29:17.842 [main] DEBUG org.apache.http.wire -- http-outgoing-0 << "Content-Security-Policy-Report-Only: object-src 'none';base-uri 'self';script-src 'nonce-TWv9SVLkKZbhbimdByKEaw' 'strict-dynamic' 'report-sample' 'unsafe-eval' 'unsafe-inline' https: http:;report-uri https://csp.withgoogle.com/csp/gws/other-hp[\r][\n]"
16:29:17.842 [main] DEBUG org.apache.http.wire -- http-outgoing-0 << "Reporting-Endpoints: default="//www.google.com/httpservice/retry/jserror?ei=hfmvaeaMEunN1sQP9YqLsQ0&cad=crash&error=Page%20Crash&jsel=1&bver=2394"[\r][\n]"
16:29:17.842 [main] DEBUG org.apache.http.wire -- http-outgoing-0 << "Accept-CH: Sec-CH-Prefers-Color-Scheme[\r][\n]"
16:29:17.842 [main] DEBUG org.apache.http.wire -- http-outgoing-0 << "P3P: CP="This is not a P3P policy! See g.co/p3phelp for more info."[\r][\n]"
16:29:17.842 [main] DEBUG org.apache.http.wire -- http-outgoing-0 << "Content-Encoding: gzip[\r][\n]"
16:29:17.842 [main] DEBUG org.apache.http.wire -- http-outgoing-0 << "Server: gws[\r][\n]"
16:29:17.843 [main] DEBUG org.apache.http.wire -- http-outgoing-0 << "X-XSS-Protection: 0[\r][\n]"
16:29:17.843 [main] DEBUG org.apache.http.wire -- http-outgoing-0 << "X-Frame-Options: SAMEORIGIN[\r][\n]"
16:29:17.843 [main] DEBUG org.apache.http.wire -- http-outgoing-0 << "Set-Cookie: __Secure-STRP=AEEP7gKTuL1ZdGck7oCPpDd7bzCOXXpT_0DG91FI4zEWKVbWNZe9WgjBtWsdo0qofa4vBrlRphM_hcOACWsl1NTAf7vPsIenwK1T; expires=Tue, 10-Mar-2026 11:04:17 GMT; path=/; domain=.google.com; Secure; SameSite=strict[\r][\n]"
16:29:17.843 [main] DEBUG org.apache.http.wire -- http-outgoing-0 << "Set-Cookie: AEC=AaJma5vI3Jk-jgkZDW9ib2G9HpmBLIJquX3N9AQmkiIamUmxR064KL403A; expires=Sun, 06-Sep-2026 10:59:17 GMT; path=/; domain=.google.com; Secure; HttpOnly; SameSite=lax[\r][\n]"
16:29:17.843 [main] DEBUG org.apache.http.wire -- http-outgoing-0 << "Set-Cookie: NID=529=I5NnvQbezAAOkIT-OL5MepxZFAiC0O8Xmbm6JS2JquQ1Nh44_jWJsZfG3F9DQanMiZhkZTy4hQGn7n5mr7EQrdF18-YGDxADBXJA7iXEo9J8dL68deqckH4kJIIE9KTQpFF9IWCFPawAlrw6rME4u8dNUhNY1_80a_skF7SBT8ehh1rfgw7_6XjFRLpd4pIObP5mKwryaUbRutVUSIMc7FeXBoTqBr8-QlA; expires=Wed, 09-Sep-2026 10:59:17 GMT; path=/; domain=.google.com; HttpOnly[\r][\n]"
16:29:17.844 [main] DEBUG org.apache.http.wire -- http-outgoing-0 << "Set-Cookie: __Secure-BUCKET=CKcF; expires=Sun, 06-Sep-2026 10:59:17 GMT; path=/; domain=.google.com; Secure; HttpOnly[\r][\n]"
16:29:17.844 [main] DEBUG org.apache.http.wire -- http-outgoing-0 << "Alt-Svc: h3=":443"; ma=2592000,h3-29=":443"; ma=2592000[\r][\n]"
16:29:17.844 [main] DEBUG org.apache.http.wire -- http-outgoing-0 << "Transfer-Encoding: chunked[\r][\n]"
16:29:17.844 [main] DEBUG org.apache.http.wire -- http-outgoing-0 << "[\r][\n]"
16:29:17.854 [main] DEBUG org.apache.http.headers -- http-outgoing-0 << HTTP/1.1 200 OK
16:29:17.855 [main] DEBUG org.apache.http.headers -- http-outgoing-0 << Date: Tue, 10 Mar 2026 10:59:17 GMT
16:29:17.855 [main] DEBUG org.apache.http.headers -- http-outgoing-0 << Expires: -1
16:29:17.856 [main] DEBUG org.apache.http.headers -- http-outgoing-0 << Cache-Control: private, max-age=0
16:29:17.856 [main] DEBUG org.apache.http.headers -- http-outgoing-0 << Content-Type: text/html; charset=ISO-8859-1
16:29:17.856 [main] DEBUG org.apache.http.headers -- http-outgoing-0 << Content-Security-Policy-Report-Only: object-src 'none';base-uri 'self';script-src 'nonce-TWv9SVLkKZbhbimdByKEaw' 'strict-dynamic' 'report-sample' 'unsafe-eval' 'unsafe-inline' https: http:;report-uri https://csp.withgoogle.com/csp/gws/other-hp
16:29:17.856 [main] DEBUG org.apache.http.headers -- http-outgoing-0 << Reporting-Endpoints: default="//www.google.com/httpservice/retry/jserror?ei=hfmvaeaMEunN1sQP9YqLsQ0&cad=crash&error=Page%20Crash&jsel=1&bver=2394"
16:29:17.856 [main] DEBUG org.apache.http.headers -- http-outgoing-0 << Accept-CH: Sec-CH-Prefers-Color-Scheme
16:29:17.856 [main] DEBUG org.apache.http.headers -- http-outgoing-0 << P3P: CP="This is not a P3P policy! See g.co/p3phelp for more info."
16:29:17.856 [main] DEBUG org.apache.http.headers -- http-outgoing-0 << Content-Encoding: gzip
16:29:17.856 [main] DEBUG org.apache.http.headers -- http-outgoing-0 << Server: gws
16:29:17.856 [main] DEBUG org.apache.http.headers -- http-outgoing-0 << X-XSS-Protection: 0
16:29:17.857 [main] DEBUG org.apache.http.headers -- http-outgoing-0 << X-Frame-Options: SAMEORIGIN
16:29:17.857 [main] DEBUG org.apache.http.headers -- http-outgoing-0 << Set-Cookie: __Secure-STRP=AEEP7gKTuL1ZdGck7oCPpDd7bzCOXXpT_0DG91FI4zEWKVbWNZe9WgjBtWsdo0qofa4vBrlRphM_hcOACWsl1NTAf7vPsIenwK1T; expires=Tue, 10-Mar-2026 11:04:17 GMT; path=/; domain=.google.com; Secure; SameSite=strict
16:29:17.857 [main] DEBUG org.apache.http.headers -- http-outgoing-0 << Set-Cookie: AEC=AaJma5vI3Jk-jgkZDW9ib2G9HpmBLIJquX3N9AQmkiIamUmxR064KL403A; expires=Sun, 06-Sep-2026 10:59:17 GMT; path=/; domain=.google.com; Secure; HttpOnly; SameSite=lax
16:29:17.857 [main] DEBUG org.apache.http.headers -- http-outgoing-0 << Set-Cookie: NID=529=I5NnvQbezAAOkIT-OL5MepxZFAiC0O8Xmbm6JS2JquQ1Nh44_jWJsZfG3F9DQanMiZhkZTy4hQGn7n5mr7EQrdF18-YGDxADBXJA7iXEo9J8dL68deqckH4kJIIE9KTQpFF9IWCFPawAlrw6rME4u8dNUhNY1_80a_skF7SBT8ehh1rfgw7_6XjFRLpd4pIObP5mKwryaUbRutVUSIMc7FeXBoTqBr8-QlA; expires=Wed, 09-Sep-2026 10:59:17 GMT; path=/; domain=.google.com; HttpOnly
16:29:17.857 [main] DEBUG org.apache.http.headers -- http-outgoing-0 << Set-Cookie: __Secure-BUCKET=CKcF; expires=Sun, 06-Sep-2026 10:59:17 GMT; path=/; domain=.google.com; Secure; HttpOnly
16:29:17.857 [main] DEBUG org.apache.http.headers -- http-outgoing-0 << Alt-Svc: h3=":443"; ma=2592000,h3-29=":443"; ma=2592000
16:29:17.857 [main] DEBUG org.apache.http.headers -- http-outgoing-0 << Transfer-Encoding: chunked
16:29:17.867 [main] DEBUG org.apache.http.impl.execchain.MainClientExec -- Connection can be kept alive indefinitely
16:29:17.888 [main] DEBUG org.apache.http.client.protocol.ResponseProcessCookies -- Cookie accepted [__Secure-STRP="AEEP7gKTuL1ZdGck7oCPpDd7bzCOXXpT_0DG91FI4zEWKVbWNZe9WgjBtWsdo0qofa4vBrlRphM_hcOACWsl1NTAf7vPsIenwK1T", version:0, domain:google.com, path:/, expiry:Tue Mar 10 16:34:17 IST 2026]
16:29:17.889 [main] DEBUG org.apache.http.client.protocol.ResponseProcessCookies -- Cookie accepted [AEC="AaJma5vI3Jk-jgkZDW9ib2G9HpmBLIJquX3N9AQmkiIamUmxR064KL403A", version:0, domain:google.com, path:/, expiry:Sun Sep 06 16:29:17 IST 2026]
16:29:17.890 [main] DEBUG org.apache.http.client.protocol.ResponseProcessCookies -- Cookie accepted [NID="529=I5NnvQbezAAOkIT-OL5MepxZFAiC0O8Xmbm6JS2JquQ1Nh44_jWJsZfG3F9DQanMiZhkZTy4hQGn7n5mr7EQrdF18-YGDxAD...", version:0, domain:google.com, path:/, expiry:Wed Sep 09 16:29:17 IST 2026]
16:29:17.891 [main] DEBUG org.apache.http.client.protocol.ResponseProcessCookies -- Cookie accepted [__Secure-BUCKET="CKcF", version:0, domain:google.com, path:/, expiry:Sun Sep 06 16:29:17 IST 2026]
16:29:17.893 [main] DEBUG org.apache.http.wire -- http-outgoing-0 << "00000001[\r][\n]"
16:29:17.893 [main] DEBUG org.apache.http.wire -- http-outgoing-0 << "[0x1f][\r][\n]"
16:29:17.893 [main] DEBUG org.apache.http.wire -- http-outgoing-0 << "00000001[\r][\n]"
16:29:17.895 [main] DEBUG org.apache.http.wire -- http-outgoing-0 << "[0x8b][\r][\n]"
16:29:17.895 [main] DEBUG org.apache.http.wire -- http-outgoing-0 << "00001[\r][\n]"
16:29:17.895 [main] DEBUG org.apache.http.wire -- http-outgoing-0 << "[0x8][\r][\n]"
16:29:17.895 [main] DEBUG org.apache.http.wire -- http-outgoing-0 << "310[\r][\n]"
16:29:17.895 [main] DEBUG org.apache.http.wire -- http-outgoing-0 << "[0x0][0x0][0x0][0x0][0x0][0x2][0xff][0xd4]<[0xf9]w[0x9b]V[0xb3][0xbf][0xe7][0xaf][0xc0][0xe4]|[0x8a]x[0xc6][0x12][0x9b][0x4][0x92][0x82][0xfd][0x94][0xc4]I[0xdc]fk[0x9d]4i[0xd3]<[0x9f][0xb]\I[0xc4][0x8]0 /[0xb1][0xf4][0xbf][0xbf][0x99][0xb9]l[0xb2][0x9d][0xa5][0xdf][0xd7][0xbe]s^[0xdc][\n]"
16:29:17.895 [main] DEBUG org.apache.http.wire -- http-outgoing-0 << "[0xb8][0xcb][0xec]3w[0xee][0x2][0xf]w[0x82][0xc4]/[0xae]R.-[0x8a]e[0xb4][0xff][0x10][0xa5][0xb0][0xe0][0xcb][0xdc]OR[0xee][0xca]2=`[0x3]W^[0x14]E:[0xee][0xf7]s[0xc1][0x97][0xac][0x97]d[0xf3][0xfe]{[0xee][0xbd]as.K[0x11][0x8b][0xe7][0xae][0xcc][0xe3][0xbd][0xa3]W2[0x0][0xe1],[0xd8][0xb8][0xe4][0x5][0x93][0xfc]$.x\[0xb8]r[0xc1]/[0x8b]>B[0x9f]H[0xfe][0x82]e9/[0xdc]wo[0x9f][0xee]9[0xb2][0x84]`[0xf7][0xf8][0xd9]*<w[0xe5][0xc7][0xa2][0xf9][0xde][@([0xdf][0x4][0xd1][0xf][0x97][0x80],[0xef]{[0x19][0x8b][0x83]0[0x9e][0xf7][0xe7]I2[0x8f][0xf8][0xbc][0xaf]_V[0xb7]'y[0x1]u,[0xb]N[0xfc]$J[0xb2][0x13][0xdd]p[0x82][0xb4][0x97][0xc6]s[0xc1]G[0x9a]%[0xa9]+[0x13][0x18][0x80]^[0x84]E[0xc4][0xf7][0x9f]Q[0xcf][0x87]}[0xf1][0xf4]0[0xf7][0xb3]0-[0xa4]8[0x89]}`[0xf9][0xed][0xfb][0xf3][0xd1][0xf1]o/N[0xfe][0xc3][x[0xe1]2xt[0xf5][0xf3]![0xbb][0x90][0xf7][0xbb][0xb3]U[0xec][0x17]a[0x12]w[0x95][0xeb]s[0x96]I's[0xf7][0xfa][0xf4][0xf0]h[0xfc]`1[[0x9e]3[0xce]^[0x1e][0xae][0xe2]Wz[0xfe][0xcb][0x9b][0xd1][0xef]g/[0xf2]_[0xb4][0x7][0xea][0xe9][0xe1][0x87]7P[0xaf][0xa9][0x86]fj[0x83][0x81]:Ru][0xd3]us[0xa4][0x1a]#s[0xe0]X[0x86]j;[0x8e]n[0xaa][0xfa]P[0xd7][0x6]po[0xe8][0xd0][0xc2]0[0x87][0xd6]@[0xd5]-hb[0xa8]P[0xe2][0xe8][0x96][\n]"
16:29:17.896 [main] DEBUG org.apache.http.wire -- http-outgoing-0 << "[0x8d][0xcc][0xa1]:[0x80]'[0xdd][0x86]:[0xc3][0xd6][0x86][0xea][0x10][0x9e][0xc]s[0x4]7[0x3][0xdd][0xd6]Tsd[0xdb][0x0][0xcf][0x1a]j#[0xd5][0x86][0xff][\r][0xd3][0x18]X[0xaa]i;[0x0][0xd9]pL[0xd3]R-g[0xa4]Y[0x80][0xcb][0x1c][0xe9][0x0]^[0x3]\[0xb6][\r][0xb0][0x87]#[0x0]i[0xc]-[0x1d]`h[0x3][0xa0][0x15][0x9a][0xc]m[0xd5]1m {h[[0xd0]{[0x8]?[0x86]m[0xd8][0xaa][0xae][0x99][0x80][0xca]0[0x1c]@[0xab][0x9b][0x9a][0xad][0xab]#[0xa0][0x1][0x8a][0xed][0x81][0x3][0xbc]9[0x8e][0xa1][0xe]-[0xe8]8[0xb2][0x81]7[0x80]9[0x84][0xb6][0xf4][0xa3]i[0x1a][0xe0][0x1c]h[0xd8][\r][0x1a][0x1][0xe]U[0x1f][0xe8][0x3][0xd5]4A,[0xf0]4[0xb2][0xd4][0x1]2j[0x90][0xa8][0xa0][0x87][0xea] f[0xc3][0xd4][0xd5][0x81][0xe6][0x80]TF@[0x9c][0x6][0x4][0x98] &S[0xb5]4GW[0xa1][0x8b][0xe9]@[0xd3][0xc1]H[0x3][0x8][0x6][0x92][0xae][0xeb]C[0xd5]4[0xc]]5u[0xe8][0x8]<[0x1b][0x1a][0xa2][0x87]Z`[\n]"
16:29:17.896 [main] DEBUG org.apache.http.wire -- http-outgoing-0 << "0[0x82]`Mu[0xa0][0x3]@*[0xb3]M[0xa0]Z[0x3][0xc6]u[0xdb][0xb2][0x1][0x1e][0x90]4[0x2][0xe0]D/[0xb4][0x18][0xe1][0xad][0x3]pl[0x15][0x84][0xe]zSM[0x87][0xca][0x86][0x16][0x96][0x18][0xc3][0x91][0x3][0xf5]([0x10][0xb8]1-`g[0xe0] D[0x3][0x4][\n]"
16:29:17.897 [main] DEBUG org.apache.http.wire -- http-outgoing-0 << "[0xa4][0xda][0x8e][0x85][0x17][0xcd]2[0x89]C[0x1d]qY[0x3][0x90][0xaa]:[0xb0][\r][0xb][0xa0][0xf][0x81]n[0x14][0xe4]`[0x80]Hm[0x94][0x81]n[0x82][0x95][0xa0]\[0x86] s[0x1d][0x9b][0xe]Q[0x95][0xa0]H`}[0x80]d[0x1b][0xe6][0x0]8[0x1a][0x82]9[0xe8]hW[0xa0]V[0xb]e[0xe9][0x90][0xde][0xd0]pF([0x19]0[\r][0x7]U[\r][0xd4][[0x16]q[0x6]*5,[0x13][0xc0]8p[0x83][0xe6]6@[0xc9]!c#[0x1b][0x9b][0x3]2[0xb2][0x9a]![0xca][0x1a][0xac][0xf][0x80][0xea][0xc8][0xac][0xe9]P[0x13][0xaa][0x2][0xd9][0x81][0xe8][0xc1][0xd4]@[0x6]h[0x88]Xk[0xd1][\r][\n]"
16:29:17.897 [main] DEBUG org.apache.http.wire -- http-outgoing-0 << "00000001[\r][\n]"
16:29:17.898 [main] DEBUG org.apache.http.wire -- http-outgoing-0 << "e[\r][\n]"
16:29:17.898 [main] DEBUG org.apache.http.wire -- http-outgoing-0 << "00000001[\r][\n]"
16:29:17.898 [main] DEBUG org.apache.http.wire -- http-outgoing-0 << "[0x80][\r][\n]"
16:29:17.899 [main] DEBUG org.apache.http.wire -- http-outgoing-0 << "00000001[\r][\n]"
16:29:17.899 [main] DEBUG org.apache.http.wire -- http-outgoing-0 << "[0x86][\r][\n]"
16:29:17.899 [main] DEBUG org.apache.http.wire -- http-outgoing-0 << "00000001[\r][\n]"
16:29:17.899 [main] DEBUG org.apache.http.wire -- http-outgoing-0 << "5[\r][\n]"
16:29:17.899 [main] DEBUG org.apache.http.wire -- http-outgoing-0 << "00000001[\r][\n]"
16:29:17.899 [main] DEBUG org.apache.http.wire -- http-outgoing-0 << "2[\r][\n]"
16:29:17.899 [main] DEBUG org.apache.http.wire -- http-outgoing-0 << "00000001[\r][\n]"
16:29:17.899 [main] DEBUG org.apache.http.wire -- http-outgoing-0 << "[0x84][\r][\n]"
16:29:17.899 [main] DEBUG org.apache.http.wire -- http-outgoing-0 << "00000001[\r][\n]"
16:29:17.899 [main] DEBUG org.apache.http.wire -- http-outgoing-0 << "p[\r][\n]"
16:29:17.900 [main] DEBUG org.apache.http.wire -- http-outgoing-0 << "00000001[\r][\n]"
16:29:17.900 [main] DEBUG org.apache.http.wire -- http-outgoing-0 << "[0xd0][\r][\n]"
16:29:17.900 [main] DEBUG org.apache.http.wire -- http-outgoing-0 << "00000001[\r][\n]"
16:29:17.900 [main] DEBUG org.apache.http.wire -- http-outgoing-0 << "[0x1e][\r][\n]"
16:29:17.900 [main] DEBUG org.apache.http.wire -- http-outgoing-0 << "00000001[\r][\n]"
16:29:17.900 [main] DEBUG org.apache.http.wire -- http-outgoing-0 << "[0xb0][\r][\n]"
16:29:17.900 [main] DEBUG org.apache.http.wire -- http-outgoing-0 << "00000001[\r][\n]"
16:29:17.900 [main] DEBUG org.apache.http.wire -- http-outgoing-0 << "%[\r][\n]"
16:29:17.900 [main] DEBUG org.apache.http.wire -- http-outgoing-0 << "00000001[\r][\n]"
16:29:17.900 [main] DEBUG org.apache.http.wire -- http-outgoing-0 << "[0x98][\r][\n]"
16:29:17.900 [main] DEBUG org.apache.http.wire -- http-outgoing-0 << "00000001[\r][\n]"
16:29:17.900 [main] DEBUG org.apache.http.wire -- http-outgoing-0 << "[0x81][\r][\n]"
16:29:17.900 [main] DEBUG org.apache.http.wire -- http-outgoing-0 << "000001[\r][\n]"
16:29:17.900 [main] DEBUG org.apache.http.wire -- http-outgoing-0 << "[0x86][\r][\n]"
16:29:17.900 [main] DEBUG org.apache.http.wire -- http-outgoing-0 << "4be[\r][\n]"
16:29:17.900 [main] DEBUG org.apache.http.wire -- http-outgoing-0 << "[0xbf][0xc3]![0xc9][0xcf]@[0xe1]C[0x13][0xb][0x11][0x1b](P[0xa4][0xcc][0xc4]N:[0xa2]E1[0xdb][0xd4][0xb9]T2[0xe2]BL[0xba]FM[0xa0][0xad][0x86][0xed][0x81][0x7]h[0x8][0x1d]l[0xfc]q@[0x1c]@'1[0x8d][0xba]C[0xfc]Z[0x84][0xb]JI[0xb1][0xb6][0xa9][0x1][0x9]D1[0x98][0x1a][0x82][0xb3][0xc0]@t[\r][0xb9][0xd6][0xa9][0x1][0x88][0x19][0xb4][0x82][0x0]4t[0xf]`cP[\n]"
16:29:17.900 [main] DEBUG org.apache.http.wire -- http-outgoing-0 << "Q[0xa8][0xc1][0x1a][0xa2][0x6][0xd0][0x18]U[0x7])[0xb0][0x90]c[\r][0x8c][0xca]A[0xde]@s UP[0xc2]p4[0x80][0x12]0z[0x8b]lG'q[0xc][0xa0][0xaf]1B[0x3]t[0xb0][0x94]Tbb[0x10][0x0][0xff][0xc2][0xde][0xb6]A2[0xb0][0xc1][0xd8]-[0x14][0xba][0x1][0xfc][0xc][0xd1][0x9a]5[0xcd][0xd1][0xd0][0x3][0xa0]%[0x98][0x88]m[0x92][0xf1][0x8d][0xa0][0xca]D1[0x0][0xdd]C[0xb]P[0x92][0xbb][0xa0][0xcb];[0xd6][0x8][0xed][0x4]4[0xc][0xda]5Pd`G [0x1e][0x13][0xc3][0x82][\n]"
16:29:17.900 [main] DEBUG org.apache.http.wire -- http-outgoing-0 << "[0xe8]uj[0x0][0xfe][0xc]fd[0xeb][0xe4][0x18]#[0x1b][0xd9][0x1b][0x8e][0xd0][0xde][0x87][0xd6][0x8][0x2][0x91][0xae][0xe]![0x6][0x1][0x97][0xc0][0x1f][0x84]([0xe8]1[0x4][0x97][0x2]#[0x1e]Y[0xe0][0xf7][0x80][0xc8]r[0xd0][0x99][0xc1][0xbc][0x9d][0x11][0xba]#p[0xe9]h[0xd4][0xc8][0xd1][0xc9]MTpHdK[0x3]([0x18][0xd1]PZ@[0xa7]3[0xb0]I[0xc7]&y#[0x90][0x8d]j[0x0])[0x9b][0xe][0xda][0xee][0x8][0x1c][0x1]m[0x8][0x95]aA[0xc9]PG[0xf1][0x90][0x12][0xf1][0xcf][0xd4][0x81][0x1e][\n]"
16:29:17.900 [main] DEBUG org.apache.http.wire -- http-outgoing-0 << "[0x17]6[0xe9][0x8][0x1c][0xb]B[0x14][0xea][0x8][0xdd][\n]"
16:29:17.902 [main] DEBUG org.apache.http.wire -- http-outgoing-0 << "eJvU:[0xba]I[0xc]R[0x14][0xa1][0x12][\r][0xfd][0x2][0x19][0x84][0xe][0x86][0x86]][0xc9]c[0x5]![0xc0][0x9][0xc8][0x1d][0x1d][0x95][0x1c][0x1c]C[0x14]J[0x18]C*[0xf0]bZ[0x84][0x1e][0xcd]B[0xa3][0xbe][0x3]t+[0xe8]I[0xae]c[0x91][0xc5]c[0x8c]@[0xe3][0xa4]p[0xad]:[0xc4][0xb1][0x83]t[0x9][0xc7][0x17]l[0xa3][0xb9]@;[0x0][0xab][0xf][0xd1]FL[0x9d][0x82][0x96][0xea]@7KC+[0x10][0x86][0xaa]B[0x94]$[0xfb][0x3]"tc[0x88][0x92]D6[0xc0]([0x87][0x86][0xc0]f[0xa0][0xbd][0xa1][0xf9]c`1[0xd0][0xa6]1[0x4][0x99]H[0xf3][0x0][0xbd][0x85][0xc0][0x82][0xd5]a[0x17][0x80][0xe1][0x18]$Y0s[0x13][0xc4]`[0x88]h[0x4]Ve[0xa0][0xe7]Z[0xe8][0x87][0x10][0x15][0x0][0x1][0xf1][0x9]l9[0xa4][0x18][0xc3][0xc2][0xd8][0x84][\n]"
16:29:17.902 [main] DEBUG org.apache.http.wire -- http-outgoing-0 << "pl[0xe1][0xa1][0x6][0xc1][0x86][0x11][0x7][0xa3][0x14][0xd0]?[0x2][0xb7][0x1b][0x81]][0xa1][0x10]@p[0x1a]j[0xd1]F[0x8d];[0xb5][0xd6]l[0xf2][0xaf]A[0xe9][0x8a]8B [0xf1][0xe8][0xb1][0x3][0xc][0xd9]CT[0x11][0x4]\[0x92][0xce][0x0][0xa3];[0xb8]1[0x8e][0x1e]&[0x91]k[0xa1][0xb5][0x82][\r]8[0xe4][0xcb][0x0][0x1a]C[0x82][0xa9][0xdb][0xa4]J[0xd4][0x11][0x98]k[0x8d][0xca] [0xe7][0x0]C[0xc5][0x81][0xf][0x14][0x8d]f[0xae][0xa2][0x93][0xe][0x86][0x18]D[0xc9].Q[0x12][0x6][0x86][0x4][0x13]L][0x13][0xb6]1 [0xe][0xc8][0xd0]H[0xbc][0xf6][0x0][0xca][0x1c][0x94][0x9f]E1[0x5][0x87]/}@[0xba][0xa1][0x1][0xa0][0xe4][0x4][0x85][0xb][0x1][0xf]c7B[0x81][0x8]g[0x83][0xfd][0xd9]6[0xd9][0xa0]fS[0x10][0xc5] [0x3]z[0xd4]h[0x80][0xb3][0xd1]@jj[0x87]@[0x94][0x3][0xb6][0xe][0xa1][0xcd][0x81]4[0xe1][0xd1][0x8b][0xf1][0x3][0xeb]M[0x12][0xc2][0xed]kH[0x18][0x9c][0xd1][0x8][0xc6][0xe]k[0xb4][0x99][0xdc]L9[0xd8][0xa4][0xdb]e[0xee]E[0x18][0x7][0xc9]EO[0xa4]?[0x8a][0xeb][0xc6][0xab](:[0xd0][0xc6][0xac][0x97][0x17][0xe7][0xb9][0xaf][0x1c][0x88][0x8a][0x1e][0xe4]&[0xee][0xc9][0x1c]/[0xe3][0xad][0x1e]P8[0xd9](=[0x9f]EQ[0xb7]X[0x84][0xb9][0x2]O]e[0xb]W[0x9]![0x8f][0xdd][0x7][0x17][0xdc][[0xa4][0xf]&[0x15][0xcc][0xe7]/[0xdc][0x7][0x94][0xf2][0xd5]EY[0x10][0xbb]E[0xb6][0xe2][0xb7][0xa1][0xdc]C[0x92][0xe7].[0xe2]X[0xaf]s[0x1e][0xcd]&U[0xa5]t[\n]"
16:29:17.902 [main] DEBUG org.apache.http.wire -- http-outgoing-0 << "[0xd5][0x19]/VY,m[0xd1][0xd6][0xe9]l=[0xf6]P[0x1e][0xeb]52[0xb8][0x99] [0xb4]H][0xba][0x1f]?5p[0xe2].S[0xae]gI[0xd6][0xc5]Jo[0xc2]:[0x9d][0xee][0xe][0xeb][0xcd]y1-[0x8a],[0xf4]V[0x5]_[0xaf]w[0xba][0x9e][0xbb]][0xd6][0x95]y[0x18][0xc8][0x8a][0xa2]L[0x14][0x6]U)[0xcb] [0xd7]|[0x95][0x4]|R[0xd2][0xe4][0xad][0xd7][0xd1][0xa6]F[0x92]n!!q[0xff]8[0xa6][0xe8]{[0xa8][0x1a]<g[0x88][0xa7][0xff]?"[0xe5][0xe]{[0x5][0xcf][0xb]([0xa9]E[0x12]%>[0xc3]v=[0xc8]h[0x8b][0x4]r][0xd7][0x15][0xf9]y>[0x96][0x81][0x9a]Rb[0xcb][0xa8][0xd3][0xa9]o[0xbb][0x87]Y[0x6]t[0xcb]LV[0xd4][0x1d]][0xbd][0xce]3[0xcc][0xd4]y[0xb4]\[0x8e][0xf5][0x8d][0xa2]2[0xc8][0xf5][0x95][0x8a][0x10][0xb6][0xb9]WS[0x92]u[0x99][0xea][0xa9][0x81][0xea][0xab][0xb]ax8+[0x98]x[0xbd][0x9c][0xb3][0xcc]_t[0xe5][0xe][0xf]][0x19],[0xcf][0xdd][0xd3][0x1]3TR[0xc1]n[0xdc][0xf5][0x15][0xb5][0xd5]*[0xda]j[0xe6][0xbb])[0xd4]+[0xd8]a[0xd7]-+w[0xa1][0x80][0x14];s[[0xfd][0xfc]|[0x11][0x6]MO[0xb6][0x3][0x8c][0xe6][0xd1]B[0x9e][0xf8][0xd0][0xef][0xcb]%t{[0xc2][\n]"
16:29:17.902 [main] DEBUG org.apache.http.wire -- http-outgoing-0 << "[0xde][0x8b][0x93][0x8b][0xae][0xd2]+[0x92]c[0x10]"
16:29:17.903 [main] DEBUG org.apache.http.wire -- http-outgoing-0 << "v<[0x7][0xe3][0x9b][0xf7]N[0xa8]k[0xa7]3C|[0x88][0xa5][0x4][0xb5][U[0x81][0x85][0x6]n[0xd0]%2[0xa8]A[0x92]"[0x19]A%[0x6][0xb9]/[0xef]v[0x17][0xeb][0xb5]<[0xe7][0xf1][0x9][0xa4]W[0xb2][0xb2]+[0x1f]0[0x98][0xb][0xb9]a[0xc7][0x87][0xf9][0xc8]n[0x89][0x8c]Ay[0xc7]g[0x8][0xba][0xeb][0xed]r[0xe0]c3[0x89][0xdc][0xc6][0xf3]*[0xef][0x0]c[0x0]7[0x8c][[0x8f]/[0xe0]9[0x9d][0xd4]*r[[0xe]SjB[0x98]{[0xd9]"J[0xe6]M[0x93]Z+*W[0xae][0xb9][0xcb]A@[0xe7]I[0x18]H[0xda][0xc1][0xe9][0x98]O[0x82][0xf5][0x1a][0x98][0x13][0xba][0xe3][0xa4];e[0x12][0xce][0xa0][0xe8][0xac][\r][\n]"
16:29:17.903 [main] DEBUG org.apache.http.wire -- http-outgoing-0 << "00000001[\r][\n]"
16:29:17.903 [main] DEBUG org.apache.http.wire -- http-outgoing-0 << "[0x1b][\r][\n]"
16:29:17.903 [main] DEBUG org.apache.http.wire -- http-outgoing-0 << "00000001[\r][\n]"
16:29:17.903 [main] DEBUG org.apache.http.wire -- http-outgoing-0 << "([\r][\n]"
16:29:17.903 [main] DEBUG org.apache.http.wire -- http-outgoing-0 << "00000001[\r][\n]"
16:29:17.903 [main] DEBUG org.apache.http.wire -- http-outgoing-0 << "[0xca][\r][\n]"
16:29:17.903 [main] DEBUG org.apache.http.wire -- http-outgoing-0 << "00000001[\r][\n]"
16:29:17.904 [main] DEBUG org.apache.http.wire -- http-outgoing-0 << "5[\r][\n]"
16:29:17.904 [main] DEBUG org.apache.http.wire -- http-outgoing-0 << "00000001[\r][\n]"
16:29:17.904 [main] DEBUG org.apache.http.wire -- http-outgoing-0 << "s[\r][\n]"
16:29:17.904 [main] DEBUG org.apache.http.wire -- http-outgoing-0 << "00000001[\r][\n]"
16:29:17.904 [main] DEBUG org.apache.http.wire -- http-outgoing-0 << "c[\r][\n]"
16:29:17.904 [main] DEBUG org.apache.http.wire -- http-outgoing-0 << "00000001[\r][\n]"
16:29:17.904 [main] DEBUG org.apache.http.wire -- http-outgoing-0 << "~[\r][\n]"
16:29:17.904 [main] DEBUG org.apache.http.wire -- http-outgoing-0 << "00000001[\r][\n]"
16:29:17.904 [main] DEBUG org.apache.http.wire -- http-outgoing-0 << "![\r][\n]"
16:29:17.904 [main] DEBUG org.apache.http.wire -- http-outgoing-0 << "00000001[\r][\n]"
16:29:17.904 [main] DEBUG org.apache.http.wire -- http-outgoing-0 << "[0x1d][\r][\n]"
16:29:17.904 [main] DEBUG org.apache.http.wire -- http-outgoing-0 << "00000001[\r][\n]"
16:29:17.904 [main] DEBUG org.apache.http.wire -- http-outgoing-0 << "[0xe1][\r][\n]"
16:29:17.904 [main] DEBUG org.apache.http.wire -- http-outgoing-0 << "00000001[\r][\n]"
16:29:17.904 [main] DEBUG org.apache.http.wire -- http-outgoing-0 << "D[\r][\n]"
16:29:17.904 [main] DEBUG org.apache.http.wire -- http-outgoing-0 << "00000001[\r][\n]"
16:29:17.904 [main] DEBUG org.apache.http.wire -- http-outgoing-0 << "[0xa8][\r][\n]"
16:29:17.904 [main] DEBUG org.apache.http.wire -- http-outgoing-0 << "00000001[\r][\n]"
16:29:17.904 [main] DEBUG org.apache.http.wire -- http-outgoing-0 << "[0x14][\r][\n]"
16:29:17.905 [main] DEBUG org.apache.http.wire -- http-outgoing-0 << "00000001[\r][\n]"
16:29:17.905 [main] DEBUG org.apache.http.wire -- http-outgoing-0 << "[0xf9][\r][\n]"
16:29:17.905 [main] DEBUG org.apache.http.wire -- http-outgoing-0 << "00000001[\r][\n]"
16:29:17.905 [main] DEBUG org.apache.http.wire -- http-outgoing-0 << "[0xb2][\r][\n]"
16:29:17.905 [main] DEBUG org.apache.http.wire -- http-outgoing-0 << "00001[\r][\n]"
16:29:17.905 [main] DEBUG org.apache.http.wire -- http-outgoing-0 << "[0x17][\r][\n]"
16:29:17.905 [main] DEBUG org.apache.http.wire -- http-outgoing-0 << "4b9[\r][\n]"
16:29:17.905 [main] DEBUG org.apache.http.wire -- http-outgoing-0 << "[0xf1]x^,&[0xcb][0x8f][0xb3]O.[0x9b][0xc0][0x4]/[0xe6]h1.[0xde]E[0x9][0xb0][0x87]7[0xcc]K[0xb2][0xa2]Mg[0xc0]#^p[0x9]{m[0xa0][0x13]X[0x95][0x1b]l[0xda][0x14][0xbf][0xcb][0xa2]-[0xa2][0x95]k[0xcf][0xf5][0xda][0xc4]z[0x95][0xd5][0x81]q[0xca]*[0xb6][0xd8][0xdc][0x88]Iw[0x84][0xa3]+[0xf7][0xba]F[0x92][0xd3]Cm[0xb0]\[0x88]F[0xb9][0x6]~[0x99][0x82][0xdc][0xf9]@z[0x18]Lx[0x94][0xf3][0xeb] [0x81][0xc7][0x97][0xac]X[0xf4]p[0x16][0x99],[0xc1]T.[0x16]a[0xc4][0xbb][0xc1]G[0xff][0x93][0xb2][0xc1]_[0xf7]#[0x0][0xf8][0xb4]![0xb9][0x0][0xee]R[0x93]J[0xef][0x12]d:[0xeb]][0xde][0xe0]F[0xa0][0xab][0xc8]R6[0xc2][0x86][0xe7][0x93][0xee][0xbc][0xee][0x98]c[0xcf]9\[0xbe][0xd5]5[0xa7][0xbe][0xe5][0x83]w[0xe9][0xee][0xe8][0x4]h1[0xe9].j@[0x11][0x2]Z[0xc0][0xa5][0xad][0x81][0x12][0xe3])[0x4]C5[0x9a]t[0xa3][0xba][0xf5][0xcc][0x87]8[0xd4][0x8d][0xf0]z[0xcb]l[0x94][0xeb][0xd3]^[0xba][0xca][0x17][0xdd][0x8f]e[0xc1][0xa7][0x16][0xf6]3[0xe8]pZ=[0xb0] [0xc2]0[0xbb][0xad][0x91][0xb2]n[0x86][0x82][0xdf][\n]"
16:29:17.905 [main] DEBUG org.apache.http.wire -- http-outgoing-0 << "[0xf3]A[0xe2][0xaf][0x96][0x10][0xd6]z[0xd5][0xcd]a[0xc4][0xe9][0x99][0x5][0xc1][0xe1]9[0xdc][0xbc][0x8]s[0x98][0xcd]s[0xd0]u[0xbe][0xf2][0x96]a![0xab]uw[0xaf][0x1a][0xd8]Pq[0x10][0x3][\n]"
16:29:17.905 [main] DEBUG org.apache.http.wire -- http-outgoing-0 << "[0x96][0x81][0x8f][0x88]B[0xff]V0[\r]X[0xc1][0xf6][0x4][0x8c][0x19][0x3][0xcd]B[0xf4]b[0xae][0x8f]qP[0x97][0xd7]k[0xba]9[0x83]X[0x8][0x81][0x99][0xb][0x12][0xf2][0xde]Y[0xef][0x9c]E+~[0xb0][0xa3][0x8d]w[0xf4][\r][0x9a][0x83][0xc4]P[0xce][0x18][0xc0]=[0x8][0xa5][0x1c][0x9]|[0xc2]gl[0x15][0x15]][0x8a]^E[0x92][0xbe][0xc9][0x92][0x94][0xcd][0x99]`P[0xd9][0xa8];[0x9a]2[0xf9][0xb]\[0xfa]Q[0xe8][0x9f][0xde][0xc5]$[0x1b][0xd3]8[0xd2]0[0x8a]d`x[0xfb][0x1a][0xf0]I3h[0x94]%[\n]"
16:29:17.905 [main] DEBUG org.apache.http.wire -- http-outgoing-0 << "[\n]"
16:29:17.905 [main] DEBUG org.apache.http.wire -- http-outgoing-0 << "[\n]"
16:29:17.905 [main] DEBUG org.apache.http.wire -- http-outgoing-0 << "z[0xcf]_[0xb1]%[0xfa][0xbf]<[0x95][0xd1][0xb5][0xef][0x94]T[0x9c],2>[0xa3]8[\n]"
16:29:17.905 [main] DEBUG org.apache.http.wire -- http-outgoing-0 << "[0x2][0x9a]x[0x19]g[0xa7][0x10][0xe7][0x91][0xff][\r] [0xbe][0xcd][0xbe][0xe0]t[[0xed][0xf][0xfb]byd[0xff]a^\E|[0xbf][0xff]_[0xd2][0xd1][0xcb]7[0xaf]};}[0xf5]v,=^[0xb0]x[0xce]s[0xa9]H$l.[0xe1][0x82]K[0x4][0xc1]Y[0x8a]9[0xf][0xb0][0xd4][0xe3][0x12][0xe]d[0xf0][0x10][0xc2][0x18][0x13]E[0xd2][0xeb][0x98][0x8b][0xe5][0x17]I[0xfa][0xaf][0xfe]=[0x80][0xc6]![0xc0]DP?[0xcb]h[0xd1]'[0xc8]w[0xa4][0xeb][0x1f]@Cp[0x87][0x97]@@L[0xba][0x93][0x92][0x99][0xe4]G,[0xcf][0x81]@p|)[0xc][0xf2]^[0xaf][0xf7][0xe3][0xe0][0x0][0xda][0xfd][0xb9][0xc7][0xb2][0xb1][0xf4][0x1a][0x84][0x9a]IAxN+S,[0x8c]a[0xc][0x0][0x86]y[0x8b][0x1b]h[0xf7][\r][0xd0][0x15][0xb4]U[0xce][0xbf][0x5][0xee][0xd9][0xf4]h[0xfa][0x1d]H[[0xb4][0xe5]c[0xe9]h[0x96][0x81]%H0[0xb8]-A[0xd8][0xb][0xc8][0x15][0x8][0xd2]2[0xc9][0x80][0xa6][0xe4][0xf2][0x7][0xd8][0x15][0xd0]zso1[0x96][0x9e][0x0]M[0x10][0x1b][0xfd][0x85][0x14]d[0xec]"[0x17][0xa0][0x80]@i[0x91]d[0xe1][0x17]$6[0x92][0xa2]0[0xe6]_[0x7][C[0xb][0x8]Z[0xde][0x2]w[0x13][0x8][0xd4][0x85]`5[0xf1]7[0x8][0xae][0xa1][0xe9]`k[0xa8]J[0x89][0xa5]i[0x14][\n]"
16:29:17.905 [main] DEBUG org.apache.http.wire -- http-outgoing-0 << "[0xdb]Bsb[0xb1][0xf]Ps)[0x11]P[0xc0]y[0xbf]A_[\r][0xcd][0xfa][\n]"
16:29:17.905 [main] DEBUG org.apache.http.wire -- http-outgoing-0 << "[0xb4][0x8c][0xcf]W[0x11][0xba]j[0x9][0xb5][0xa4][0xed][0x19][0xb][0xd9]m[0xb5][0xd4][0xd0][0xc2][0xaf]@[0xb][0xc1][0x9e][0xb3][0x98]E?[0x4][0xae][0x86]6[0xfb][\n]"
16:29:17.905 [main] DEBUG org.apache.http.wire -- http-outgoing-0 << "[0xb4][0x19]g0d[0xc2][0xf3][0xf]B[0xbb]G[0xb6][0xab][\n]"
16:29:17.906 [main] DEBUG org.apache.http.wire -- http-outgoing-0 << "[0x9b][0xbb][0xbe]'I3[0x90][0xfc]^[0x1e]~[0xe1]c[0xdd]L/'P[0x2][0xff][0xa5][0x10][0xbe][0xc0][0xfa][0xf6]@pc=[0xbd][0x94]v[0xc2]e[\n]"
16:29:17.906 [main] DEBUG org.apache.http.wire -- http-outgoing-0 << "[0xc3]=[0x83][0xd8]so#@\[0x8b][0x96][0xb][0x1e][0xce][0x17][0xc5][0xd8]0[0xd2]K[0xaa][0xa9][0xc0]V[0x10][0xbc][0xa4]([0x92][0xe5][0xd8][0xbe][0x1]D[0x92]p[0x19]x[0x8f]E[0xe1]<[0x1e]g[0x8][0x2]z[0xa3][0xb1][0xa9]h#[0x8][0x0][0xd2][0x8b][0x80]g5[0x5]y[0x12]A[0x96]p[0xdf][0x1f][0x5][0xf6]L[0xc7][0xfe] [0x96]W[0x10]M[0xf2]2[0x9c]`[0x1b]`[0x9d]:[0x1]O[0x19][0x9]a^[\n]"
16:29:17.906 [main] DEBUG org.apache.http.wire -- http-outgoing-0 << "[0xa1]lC[0x11][0x18][0xc3][\n]"
16:29:17.906 [main] DEBUG org.apache.http.wire -- http-outgoing-0 << "[0xb6]|[0xc9]|[0xe9][0xe8]p[0xd0]C[0xa1]lI[0x81][0x18]AR[0xae][0x1b][0xf6]4[0xc4][0x98]&y[0x88][0x1]d[0xcc]<[0xa0][0x6][0x9c][0x95][0xd8][0x0][0xfa][0xc]K[0x8][0xee]"[0xc][0x8a][0xc5]X[0xd7][0xb4][0x1][0x4][0xa0][0xef]9[0xf3]O[0x11]5d[0x98]\[0x4][0xc2][0xc7][0xc7][0xc7][0x18][0xd1][0x96][0x88][0x99]([0xc0][0x0]d[0xf5].%/K.@r""A[0xc6][0xb]*nT[0x7][0x14][0xfe][0xf7][0x92][0x7][0xc0][0xb]h[0xfc]Z[0xf0][0xfe][0x16][0xc1][0xc5]-[0x1][0x0][0x92][0x80][0xc7][0x2][0xfa][0xab]c[0xc9]"HG[0x87][0x92][0xa5]B[0xad][0xcf]V8[0xc4][0x91]J$[0x6][0xbe][0x9b][0xcd]A[0x4][0x92][0xe0][0x1d][0xa0]]$[0xab]([0xc0][0xe5]x[0x8][0xdb]$[0xb9]r[0xa4]D[0xd8]A[0x98]"
16:29:17.906 [main] DEBUG org.apache.http.wire -- http-outgoing-0 << "C[0xec][0xbc][0x1a]{0[0xd5]8[0xfd]f[0xe0] h[0xe8][0x95]H#[0xc1]=[0xe6]E!P[\n]"
16:29:17.906 [main] DEBUG org.apache.http.wire -- http-outgoing-0 << "A[0xa2]Cb[0x3][0x9][0x86][0xa4][0xf9][0x1c][0xf9]][0xb0][0xfc][0x5][0xbb]JVE[0x19][0x11][0x88][0xd2][0x9c][0xe4][0x3][0xb8]k[0xa8][0x4][\r][0x17][0xed]y[0x16]][0x81]C[0xc6][0xa8]f$[0x94]l[0xa7]d[0xe8]G[0x82]x[0x9][0xad]e[0xb6][0x13]*[0x10][0x10][0xf6][0x8][0xdc][0xb8]7[0xe0]KQ|[0xce][0xb3]"[0x84]q[0xaf][0xb4]T[0xd0]6[0x14]o[0x84][0xd0]J[0xb][0x92][0x82][0x4][0x8][0x8e][0x93][0x2]x[0x89][0x3]0[0xae][0x19][0xe4][0xc8][0x5]D1[0x1e]E*[0xd8]-[0xdc]@[0x93][0xf8]A![0xe1][0xb0][\n]"
16:29:17.906 [main] DEBUG org.apache.http.wire -- http-outgoing-0 << "[0x9c]_!g[0xd4][0x88]8[0xa8]t[0xd0][0xc][0x1a][0xa8][0xb9]*[0xe6][0xd7]1,[0xc7]x[0xfe][\r][\n]"
16:29:17.907 [main] DEBUG org.apache.http.wire -- http-outgoing-0 << "00000001[\r][\n]"
16:29:17.907 [main] DEBUG org.apache.http.wire -- http-outgoing-0 << "[0xed][\r][\n]"
16:29:17.907 [main] DEBUG org.apache.http.wire -- http-outgoing-0 << "00000001[\r][\n]"
16:29:17.907 [main] DEBUG org.apache.http.wire -- http-outgoing-0 << " [\r][\n]"
16:29:17.907 [main] DEBUG org.apache.http.wire -- http-outgoing-0 << "00000001[\r][\n]"
16:29:17.907 [main] DEBUG org.apache.http.wire -- http-outgoing-0 << "[0xdb][\r][\n]"
16:29:17.907 [main] DEBUG org.apache.http.wire -- http-outgoing-0 << "00000001[\r][\n]"
16:29:17.907 [main] DEBUG org.apache.http.wire -- http-outgoing-0 << "0[\r][\n]"
16:29:17.907 [main] DEBUG org.apache.http.wire -- http-outgoing-0 << "00000001[\r][\n]"
16:29:17.907 [main] DEBUG org.apache.http.wire -- http-outgoing-0 << "X[\r][\n]"
16:29:17.907 [main] DEBUG org.apache.http.wire -- http-outgoing-0 << "00000001[\r][\n]"
16:29:17.907 [main] DEBUG org.apache.http.wire -- http-outgoing-0 << "{[\r][\n]"
16:29:17.907 [main] DEBUG org.apache.http.wire -- http-outgoing-0 << "00000001[\r][\n]"
16:29:17.907 [main] DEBUG org.apache.http.wire -- http-outgoing-0 << "[0xa8][\r][\n]"
16:29:17.907 [main] DEBUG org.apache.http.wire -- http-outgoing-0 << "00000001[\r][\n]"
16:29:17.907 [main] DEBUG org.apache.http.wire -- http-outgoing-0 << "$[\r][\n]"
16:29:17.908 [main] DEBUG org.apache.http.wire -- http-outgoing-0 << "00000001[\r][\n]"
16:29:17.908 [main] DEBUG org.apache.http.wire -- http-outgoing-0 << "[0x10][\r][\n]"
16:29:17.908 [main] DEBUG org.apache.http.wire -- http-outgoing-0 << "00000001[\r][\n]"
16:29:17.908 [main] DEBUG org.apache.http.wire -- http-outgoing-0 << "[0x8d][\r][\n]"
16:29:17.908 [main] DEBUG org.apache.http.wire -- http-outgoing-0 << "00000001[\r][\n]"
16:29:17.908 [main] DEBUG org.apache.http.wire -- http-outgoing-0 << "#[\r][\n]"
16:29:17.908 [main] DEBUG org.apache.http.wire -- http-outgoing-0 << "00000001[\r][\n]"
16:29:17.908 [main] DEBUG org.apache.http.wire -- http-outgoing-0 << ">[\r][\n]"
16:29:17.908 [main] DEBUG org.apache.http.wire -- http-outgoing-0 << "00000001[\r][\n]"
16:29:17.908 [main] DEBUG org.apache.http.wire -- http-outgoing-0 << "+[\r][\n]"
16:29:17.908 [main] DEBUG org.apache.http.wire -- http-outgoing-0 << "00000001[\r][\n]"
16:29:17.908 [main] DEBUG org.apache.http.wire -- http-outgoing-0 << "[0x88][\r][\n]"
16:29:17.908 [main] DEBUG org.apache.http.wire -- http-outgoing-0 << "00000001[\r][\n]"
16:29:17.908 [main] DEBUG org.apache.http.wire -- http-outgoing-0 << "r[\r][\n]"
16:29:17.908 [main] DEBUG org.apache.http.wire -- http-outgoing-0 << "00000001[\r][\n]"
16:29:17.908 [main] DEBUG org.apache.http.wire -- http-outgoing-0 << "2[\r][\n]"
16:29:17.908 [main] DEBUG org.apache.http.wire -- http-outgoing-0 << "00000001[\r][\n]"
16:29:17.908 [main] DEBUG org.apache.http.wire -- http-outgoing-0 << "[0xcc][\r][\n]"
16:29:17.908 [main] DEBUG org.apache.http.wire -- http-outgoing-0 << "00000001[\r][\n]"
16:29:17.908 [main] DEBUG org.apache.http.wire -- http-outgoing-0 << "w[\r][\n]"
16:29:17.908 [main] DEBUG org.apache.http.wire -- http-outgoing-0 << "00000001[\r][\n]"
16:29:17.908 [main] DEBUG org.apache.http.wire -- http-outgoing-0 << "([\r][\n]"
16:29:17.908 [main] DEBUG org.apache.http.wire -- http-outgoing-0 << "00000001[\r][\n]"
16:29:17.908 [main] DEBUG org.apache.http.wire -- http-outgoing-0 << ">[\r][\n]"
16:29:17.909 [main] DEBUG org.apache.http.wire -- http-outgoing-0 << "4b6[\r][\n]"
16:29:17.909 [main] DEBUG org.apache.http.wire -- http-outgoing-0 << "[0x84][0xd5][0x8e][0x8e][0xa7]9[0xf9][\r][0x5][0x95]j[0xd0][0xed][0x81][0x9d][0x1][0xf5]"[0x13][0x90]h[0xa8]Gz[0xf2][0x4]h[0xa9][0xa3]S[0xdd]Z[\n]"
16:29:17.909 [main] DEBUG org.apache.http.wire -- http-outgoing-0 << "[0xc9][0x18]Q[0x14][0xab][0x1a][0x83][0x80][0x9c][0x90][0xf]6[0xa5]0[0x91][0xb8]BH[0x8b][0x4]$[0xac][0xb6]c[0x9d][0x10][0x18]F[0xb9]+[0xa2][0xae][0xe9][0xb3][0xe0][0x19]o|[0x9c][0xc0][0x85][0xb3][0xab][0xdb][0x3]n[0x1b]Z[0xc0]s[0xd0][0x9b][0xc4][0xfc],[0x81][0xd8][0x9][0x6][0x14][0xac]|[0xc8][0xff]~[0xc0]P[0xee][0x90]*C[0xd3]U[0xf1][0xd7][0x12][0xb2][0xa5][0x18][0x16]p?[0xc9]([0xb3][0x18]7[0xb4]6[0xb1][0x8e][0xa4]~[0x8f]<[0x16]L#[0x89][0xa2][0xe4][0x2]="[0x7][0xf][0xf3][0xb][0xc][0xd8][0x90][0xc7]I`[0xf3][0x1]I?/[0x1d][0x6][0x99][0x2][0x19][0x80][0xc1]g!&N[0xb4][0x89][0xd5][0xd0][0x2][0xe0][0x80][0xff]*[0x9d][0xad]b[0xfe][0x8d][0xb4][0x3][0x11]B.[0x7][0xc9]D@qK[0xa0]byI[0x5]d[0x9]-p[0x10][0x99]N~[0x9d][0xbe][0xfa][0xb9][0x8b]<[0xd5][0xd4])[0xd2]C[0xb7][0xa9]BU[0xb6][0xaa][0xbe]*[0xa9]6[0xb8][0x1b]}[0xda][0xe0][0xea][0x81][0x10]8[0xab][0x87][0xb1][0x9b]8n[0x80][0xfb][0x91]>m[0x1c]d_[0xad][0xba]2[0x1d]|[0xd1][0xee][0x81][0x85]7TK[0xde][0x9d][0x9d]b~Z[0xe9][0x11][0x5][0x8e][0xc0]2[0xc][0xe6]i[0xce]W8,[0xd3]H[0x90][0xff][0xd1][0xe1][0x10][0xfc]#[0xb]}[0x8]FI[0xc0][0xcb]a[0x85][0xd4]6[0xbe][0xaf]i~[0xdb]"[0x84]=[0x1c]5y@[0xd0][0xf0]B[0xe2][0xc7][0x92]-[0xa6][0xf2]R[0xe][0xa0]R[0x88][0xe3][0xd9]*[0xe2]y[0xe9]"[0xe4]H[0x94]g'P[0xd3][0xb8]"[0x1a][0x93][0x88][0xa8][0xe0]M[0x17]%[0xfd]"[0xa9].a[0x85]w[0xe2]'[0xb4]D[0xb6]XV[0xfa][0x1][0xc7][0xc0]\G[0xfa][0x87]$[0x17][0x4][0xe]7[0xec]m[0xe1]a6[0xf4]O[0xe1][0x1b]i[0xda][\r]M[0xc1]L[0x87]f8[0xe5]D[0xc7]K[0x82]+[0xb5][0x8]T[0xa6][0xa6]joqMy[0xc3][0x8c]-[0xc3][0xe8]j[0x9c][0xb3]8[0xdf][0x83]A<[0x9c]m[0xb0][0xd5][0xb5][0x18]R w@b [0xc]_[0xec]A[0x1b][0x8]DQ[0xb4][0xb9]?O[0xe6][0xd7]e[0x8a]4[0x86][0xb4]Kr[0xe0]mS[0x4][0xd7][0x18]=[0xf6][0xca][0xd1][0xa9][0xe7][0xf0][0xe5][0xa6]7g[0xfe][0xc9]R[0xba]Q[0xa5]CB[0xb5][0x1][0x1d]/K,U[0x9e]ehP[0xe]t[0x95][0xec][0xe8][0xa3][0xa1][0x1d][0x18][0x1b][0xbe][0x14][0x84]^[0x88][0xce]^[0x12][0x5][0x13][0x91][0xf1] O[0xe3][0x18][0xe0][0xb0]h[0xd3][0x8b][0xf2][0xe2][0xba][0x1a][0x18][0x7]00[0x8a]|[0xc6][0x1a][\r][0x11][0xe6]<[0x9f][0x85]*5[0xc1][0x9e]c[0x1d])nq[0x8c][0xf5]yYe[0xdf][0xa8][\n]"
16:29:17.909 [main] DEBUG org.apache.http.wire -- http-outgoing-0 << "[0xf2][0xeb]*[0x89][0x8]c[0xe2][0x2]2[0xfa][0xc9][0xcd]"L/&[0xa5][0xcc]P$[0x9a][0x84]iU[0xc9][0x1e][0x8e]_cx[0xde][0x84]q[0xba]*[0xb6][0xc4][0x1e][0xc6]00[0x84][0x85][0x90][0xb9][0x7])[0xd7]<K [0x10][0x8f][0xef][0xcf]f[0xb3]I%[0x87][0x19][0xfe]mX%[0x97][0xa1][0xa3][0x7][0xcc][0x99][0xdc][0x8c][0xdf]q[0x12][0xf3][\r][0x1b][0x8b]A[0x89][0x8d][0x19]L[0xd4][0xcf][0xf9][0xf5]W[0xa3][0xfc][0xa6]7[0x3][0xef][0xb9]!k6>[0xf]!O[0xe4][0xc1]6[0xae]M/[0xf7]"[0xff][0xba][0x9d]X[0xf]P[0xac]X[\n]"
16:29:17.909 [main] DEBUG org.apache.http.wire -- http-outgoing-0 << "0[0xb6][0x92][0xac]J[\n]"
16:29:17.909 [main] DEBUG org.apache.http.wire -- http-outgoing-0 << "[0x6]JaK[0x2][0x94][0xa2][0xb7]rU[0x1d]AD[0xb9][0xe7]m1[0xce]}[0x1e]p>[0x11][0x19][0xf4]Xd[0xce][0xd0][0xb2],[0xd8][0xab]\[0xcb][0xc0]?[0xe9][0xbe][0xad][0xd9][0x3][0x9b]5WQ>)[\r][0xc1][0xd4]j[0x14][4n[0xee][0xbf]?[0xfb]e[0xfa][0xca]k[0xd1]~[0x97]"5I7J[0x0]m[0x12]WY[0xd4][0xad][0xe]q[0xc4][0xec][0xfc]$J[0xe6][0x89]a[0x8c][0xf0]|[0x86][0x2][0x8a][0xdf]3[0x86][0x98][0xcf]g<[0x85][0xb0][0xb4]w[0xb9][0xad][0xc5][0x8a]/T[0xd6][0xc4]_e9T[0xa5][0x9]E[0xb3]6[0xd1][0x93][0xc6][0xfd]V[0x5][0x12][0x6]w[0xc2]<[0x7][[0xe6]9[0xb9][0x9d][0xe2][0x11][0xb9][0x95][0xf6][0xdb][0x82][\r]X[0xe0]s[0x8d][0x1c]e<K[0xfc]U~][0xc1]&[0xcb]iB[0xc5]_>:[0xb2][0xbd][0xc1][0xc1][0xb3][0xc0][0xbd][0xfe][0x9c]gc][0xf5][0xce][0xc7][0x6]n[0xad][0x7]|[0x8c][0xfb])[0xaa]?~`[0x8e][0xcc][0xe0][0xc1]frO,[0xd7][0xb6]6Rh[0xf1]O[0x8d][0xdc][0xee][0xa9];[0xeb]-y[0xa8][0xec][0x88]][0xa0]S[0x80][0xb3]TS[0xb7][0xbb][0x84][0xf2] [0xe4]QU[0xb1][0x1c]k[0xea][0x99][0x9a][0xb9][0xdd]3[0xa8][0xc8][0x83][0xa4]*?[0x1b][0xef]hj[0xe1]j[0xea]J=w[0x1b][0x9a][0xd4][0xb][0xf7][0xbc][0x7]d[0xdd][0xb5]N-[0x16][0xf][0xe3][K[0xd0][0xc6][0x18][0xc][0xb1][0xd3][0xe9][0xae]\\[0xd4][0x2][0xaa][0xf2][0x1c][0xb4][0xae]L[0x82][0xba][0x9]T[0x2][0xb7][0x1b]([0xea][0xd1][0xd2]y"
16:29:17.920 [main] DEBUG org.apache.http.wire -- http-outgoing-0 << "[0x1a][0xf1][0x13]y[0xb7]D[0x1][0xf][0xbb]r[0x8f]m[0x95][0xe1][0x13][0xae][0xc][0x96][0x8f]A[0xa4][0x94][0xcb][0xc6]u[0x1]P[0xc3][0x81][0x9a][0x1d]MQi_[0xc6]s[0x3][0xec]p[0xf1]P[0xab]%[\r]Y[0x11]8[0x6][0xef]t[0xca][0x9b][0x1e]-q[0xd3]j,5[0xc5]][0x6]C)[0x16]0/[0x93][0x18][0x0][0xa8][0x96][0x9][0xe1][0x8e][0xad][0xd7];5'[0xeb]u}[0x8b][0xb]j[0xb4][0xb5]"[0xe1]"9%yd[0x7][0xf2]z][0xec][0xbb]Q[0xa7][0xb3][0x13][0x1f][0xec][0xe8] ZD[0xb0][0xe3])[0xad][0x85][0xfd]I[0xb1][0xbb][0xb]"[0x9][0xd6][0xeb][0xeb][\r] [0xe3][0xb1][0xf]#[0xd3][0xbb]_[0x8f][0x1e]'0[0x14][0xc5][0xb8][0xe4]'[0x96]>[0xe5]~[0xb9][0x3]Q[0xed]>[0xd0]v[0x89][0xd7]m[0xb6][0x18][0xea][0x15]Y:fT[0xed]g|[0xe6][0x97])[0xed]x[0xb4][0x9a]B[0xb5][0xa2]L[0xa8]:[0xcf][0xfc]t[0xde][0xae][0xcd]c[0xdc][0xc9][0x0]US!)][0xd9][0xbd]'w<p[0x96][0xb2][0xc8];W&[0xe7][0xbd] [\r][\n]"
16:29:17.922 [main] DEBUG org.apache.http.wire -- http-outgoing-0 << "00000001[\r][\n]"
16:29:17.922 [main] DEBUG org.apache.http.wire -- http-outgoing-0 << "[0xad][\r][\n]"
16:29:17.922 [main] DEBUG org.apache.http.wire -- http-outgoing-0 << "00000001[\r][\n]"
16:29:17.922 [main] DEBUG org.apache.http.wire -- http-outgoing-0 << "7[\r][\n]"
16:29:17.922 [main] DEBUG org.apache.http.wire -- http-outgoing-0 << "00000001[\r][\n]"
16:29:17.922 [main] DEBUG org.apache.http.wire -- http-outgoing-0 << "U[\r][\n]"
16:29:17.922 [main] DEBUG org.apache.http.wire -- http-outgoing-0 << "00000001[\r][\n]"
16:29:17.922 [main] DEBUG org.apache.http.wire -- http-outgoing-0 << "[0xe0][\r][\n]"
16:29:17.922 [main] DEBUG org.apache.http.wire -- http-outgoing-0 << "00000001[\r][\n]"
16:29:17.922 [main] DEBUG org.apache.http.wire -- http-outgoing-0 << "[0xb6][\r][\n]"
16:29:17.922 [main] DEBUG org.apache.http.wire -- http-outgoing-0 << "00000001[\r][\n]"
16:29:17.922 [main] DEBUG org.apache.http.wire -- http-outgoing-0 << "[0xac][\r][\n]"
16:29:17.922 [main] DEBUG org.apache.http.wire -- http-outgoing-0 << "00000001[\r][\n]"
16:29:17.922 [main] DEBUG org.apache.http.wire -- http-outgoing-0 << "[0x82][\r][\n]"
16:29:17.923 [main] DEBUG org.apache.http.wire -- http-outgoing-0 << "00000001[\r][\n]"
16:29:17.923 [main] DEBUG org.apache.http.wire -- http-outgoing-0 << "[0xbb][\r][\n]"
16:29:17.923 [main] DEBUG org.apache.http.wire -- http-outgoing-0 << "00000001[\r][\n]"
16:29:17.923 [main] DEBUG org.apache.http.wire -- http-outgoing-0 << "r[\r][\n]"
16:29:17.923 [main] DEBUG org.apache.http.wire -- http-outgoing-0 << "00000001[\r][\n]"
16:29:17.923 [main] DEBUG org.apache.http.wire -- http-outgoing-0 << "[0x3][\r][\n]"
16:29:17.923 [main] DEBUG org.apache.http.wire -- http-outgoing-0 << "00000001[\r][\n]"
16:29:17.923 [main] DEBUG org.apache.http.wire -- http-outgoing-0 << "g[\r][\n]"
16:29:17.923 [main] DEBUG org.apache.http.wire -- http-outgoing-0 << "00000001[\r][\n]"
16:29:17.923 [main] DEBUG org.apache.http.wire -- http-outgoing-0 << "[0xee][\r][\n]"
16:29:17.923 [main] DEBUG org.apache.http.wire -- http-outgoing-0 << "00000001[\r][\n]"
16:29:17.923 [main] DEBUG org.apache.http.wire -- http-outgoing-0 << "[0xb2][\r][\n]"
16:29:17.923 [main] DEBUG org.apache.http.wire -- http-outgoing-0 << "00000001[\r][\n]"
16:29:17.923 [main] DEBUG org.apache.http.wire -- http-outgoing-0 << "[0x1e][\r][\n]"
16:29:17.923 [main] DEBUG org.apache.http.wire -- http-outgoing-0 << "0004bc[\r][\n]"
16:29:17.923 [main] DEBUG org.apache.http.wire -- http-outgoing-0 << "[0xfa][0xc7][0xab][0xd5][0xd2][0x3][0xf7][0x9c][0xef][0xb4][0x94]N[0x9d][0xb0][0x12]7bD[0xf3][0x5]4[0x9f][0x85][0x11][0xc7]U[0xcc][0xc9][0x2][0xda],z[0xa0]-~[0xf9]z[0xd6][0x95][0xf7] [\n]"
16:29:17.924 [main] DEBUG org.apache.http.wire -- http-outgoing-0 << "[0xf3]8[0xc7][0x0][0xdc][0x97][0x95]}[0x8d][0xb6][0x98]LE[0x15][0xc][0x90][0xa0][0x9][0xfd]BQ[0xe7][0x9d][0xce][0x2][0x94]qs[0x87][0xc][0x97]=qK[0xec][0xab][0xeb][0xaa][0xbd][0x4]W[0xe0][0x9e][0xbf]}[0xf9][0xa2][0x7][0x11]-,[0xba][0xf2][0x9f][0xb1][0xac]|[0x9c][0x12]H[0xc4][0xc6][0xe][0xc8][0xe8]`[0xde][0xcb]W^.[0xf6]|[0xf0][0x80][0x94][0xa6][0x8c][0xe5]WI[0xa9]nH[0xbd] X[0xf4]h{[0xaf][0xb1][0xe2]z[0xff][\r][0xee][0x81]6[0xb1]Cf[0x80][0xd1]w:[0xe7]=[0x1f]}[0xa0][0x97][0xcc]|[0xb7][0xdc]H[0x82]"[0xd4][0x8d][0xeb][0xef]vQ[\r]<[0x2][0xc4][0x1c]U[0x2][0xd9][0xe0]%[0x11][0xf1][0xd3][0xf1][0xeb]W=A[0x2]L[0x82]p+G[0xa8][0x92]/s[0xd0]$[0xde]{][0xd6][0x8b]A[0x90][0xbb][0xf2]X[0x92]w[[0xae]',"[0xcf][0x8b][0xa6]]^@[0x94][[0xaf][0xe5]W[0xfd][0xa9][0xc][\r][0xca][0x1d][0xa0]}W7[0xc][0xc7][0xe9]t[0xee]u[0x81][0x94]-[0x9e][0xa9]B[0xa1][0x85][0xf6]I[0xbc]^7[0x9b]<P[0x87]{7[0xad][\r][0xc4]I[0xa9][0x87]j[0x17][0xe9][0xae][0x90][0xb1][0x2][0xc3][0xc0][0xb5]w[0xe6][0xe2][0xc][0xf][0x8f][0xee][0xf9]<[0x99]I[0xe4]M[0x7]|,6,[0x99][0xa2]6Q[0x3][0x88]m[0xc]K[0xc6]U[0xe4][0xf5][0xba][0xdb]667PT[0xaf][0xdd][0xbc]2[0xac][0xa6]qU[0xe2]z[0x8a]Z[0x87]4 kGWE/[0xbc][0x13]BD[0xdf]>[0xbe][0x8a][0xb]vI[0xb4][0xc8]-[0xb7][0xdf][0x96][0x8b][0xae]|[0xab]im[0xcd][0xc7][0xc2]TH"2[0x84]]wO?0[0xc7])Ht%[0xb6][0x92][0xb3]NG[0x4][0x8d][0xee][\r][0xf1]a-[0xed][0x8b]u[0xdb][0xab][0xf0]}q[0xd2][0x12]s [0xc9][0x9b][0xd3]x[0xe9][0xca][0x98][0x1][0xc9][0xff][0xee]AF[0xdc][0xbf]{[0xf0][0x95]1[0xfa][0x1]yk[0xc8][0xc1][0xd4]h[0xc7][0xa5][0xd9][0x6]A[0x2][0xca]]B[0xc9][0x95]n[0xf]p[0xb1][0xd4][0xe9]T[0x9b][0xfb]P[0xc][0x91]P[0xea][0xd6][0x9d][0x5]2[0xe5][0xba][0xde][0x91][0xec]*[0xb4][0x8d][0x8][0xff]O6[0xf7][0xb0][0xe9][0xe][0xe2]T[0xae][0xeb][0x1e][0xe0][0xcf][0xcd]}[0xef][0xac]G[0x83]r[0xb7][0xb5]-3[0xf7][0xce][0xda]m[0xf0][0xb1][0xd5][0xc][0x97]Cn[0x8][0x12][0x97][0xdf]1R.[0xe3][0xb9]'[0xd7][0x8f][0xb8][0x9c][0xb2][0xff]0N<[0xf8][0xf5][0xc4]d[0x2][0xca][0xf4][0xfd]c[0xda][0x9c]~[0xd8][0xf7][0xf6][0xa5][0x87][0xac])[0x97]0[0xd4]T[0xdb][0xf0][0xfd][0xfe][0xc5]E=[0xb2][0xfb][0xc9][0x12]d:_[0xa4][0x7][0x8b][0x8][0xc2]|[0xa7]`[0x1e][0xc4])y[0x9f][0xd8][0xcd][0x1f][0xf6][0xd9]7[0x1]-Y[0x9a]7[0x90][0xc0][0x9a][0xa8][0xa4][\r]*[0x92][0xf7]_B[0xd1][0xf7][0x0]a[0xbe][0xd6]&[0xa9][\r][0xc2][0x91][0xf7][0xdf]@[0xf5][0xf7]@ S[0xb8]n[0xb7][0xf2]J[0x10][0xd4]Y[0x97][0xf7]OVo[0xa1][0xf0]{[0xfd]A[0xc9][0xf9][0x16][0x9][0xd4]?[0x96][0xf7]_A[0xc5][0xf7][0x5][0x11]F[0xed][0xce][0xf8]\BX[0xca][0xfb][0xcf][0xf0][0xf1]{ [0x82][0xc][0xb2][0xbb][0xdb][0x4]$[0xf2][0xfe][0x13][0xac][0xb9][0xdd][0x9d]r;q|[0xf9][0xe6][0x9c]A[0xfe][0x96][0xc2]QM[0x90][0x9d]F}[0x1e][0xf7][0x99][0x7][0x12][0xeb]W[0xcb]P[0x2][0xe3][0x2][0xcc]l[0xb5][0xff]2[0xc9][0x0][0xe7]j_[0xea]d[0xec]l[0x95]L[0x10][0xff][0xc3][0xbe][0xb0][0xb8]>Xac[0x8a][0xb8][0xc2].[0x96][0x9a]]\j[0xae][0xcc]2OY,L5[0xae][0x89][0xe][0xa1]/[0x96][0xb7]kgu[0xed][0xec][0x8e]Z^[0x97][0xb1][0x16]Ow[0xb1][0x4]ig[0x91]dW[0xfd]$-[0x80]'a@r[\r][0xdb][0xda][0xcf]=[0xe9][0xb9]hC[0xb2]\[0xa3]4K[0x98] [0x1]>[0xe3][0x19][0xa4]9<[0xbf][0xdd][0xb3]\4[0xce][0x9b]nb[[0xd4]=[0xc1][0x95]J"[0xf3][0xc4][0xd6]n[0x88][0x9c][0xf9]>[0xc][0xbb][0xc5][0x96]I[0x1d][0xf3][0xec]<[0xf4][0xf9][0x8b][0x4][0xe6][0x1][0xa5][0x85][0xa7][0x80][0x4][0xb4]Kg[0x93]0[0xf5][0x3]D+[0xee]~[0xc5]Qa[0xb4]u[0x9f]M[0xff][0x98]N[0xd9]"[0xf][0x17][0x14][0xc3][0xf8]n[0x5]U[0xcd][0x16][0xa5][0xb9][0xd0][0xac]M[0xfb]V[0xb][0xb1][0xe2]\7[0x11][0xbf]>[0xc7][0xe9][0xc][0xc4][0x1a]H[0xfa]"[0x88]1[0xae][0xcc][0xa2]H[0xa6][0xc0][0x14][0xcd][0xd3]@[0x4][0xa6][0xfd][0x87][0x10]I$[0x16][0xc1]8.[0x96][0xfd][0xe4]rY[0xdb][0x95]G[0x86]L[0x1][0xfc]k'[0xe5]1[0x96]7[0x87][0xe5][0xf1][0xe9][0xe4]b[0x1][0x93][0xd6][0x93]f[0xb6]S[0x9e][0x9b]7l[0xe3]rdTG[0xe7]K[0x1f][0xa8]V.[0xc]Z[0xb6][0x90]t[0x98][0x98][0xcb][0xa5]I[0xca][0xd0]A[0x10][0xba]H[0x11][0xae][0x8c]L[0x88][0xff][0x5]k[0xb8]h!1[0x1a][0x16][0x80]<q[0xba]G[0x96]h[0x8c][0x95]q[0xb4]*h[0x89][0xca][0xe7]QTbqeM[0xa6]g[0xb0]K[0xbf]|[0x86]f[0x99]tN[0x13]6[0xf0][0xc8]$[0xc5][0x82][0xa0][0xa6]`[0xf0]/y[0xbf][0x13]{y[\n]"
16:29:17.924 [main] DEBUG org.apache.http.wire -- http-outgoing-0 << "^T[0x4]TU6[0x15]r[0x5]t[0xc9]E[0xc6]R"
16:29:17.924 [main] DEBUG org.apache.http.wire -- http-outgoing-0 << "W[0x86]~[0xb4][0xa0]P[0xe2][0xf]A[0x84]t0[0xc0][0x95][0x8f][0x8e]_[0xef]9[0xce]`[0xb4][0xa7][0xcb]R[0xf9][0xd2][0x3]m[0xb0][0xd4]=[0xca]v[0xe2]M[0x87][0xb2][0xff]"[0xfa]JcQ[0x9d]'[0xab][0xcc][0xe7]7[0x9a]T[0x80][0x16][0xe9][0x8d][0xd6]^x[0xf1]Mh^[0xb8][0xb8]U[0xdf][0x18][0x98][0x1c][0xe4][0xb5][0xba][0xaa]Y[0xb1][0xd1][0xcc][0x8a]-T\[\r][0xb0][0xec][0x2][0xd3][0xda][0xba]O={[0xae]t=[0xa8]V[0xa9][0xa4]![0x80][0xb9]=i[0xde][0x9e][0xa4][0xcb][0x12][[0xe1]q[0xb4]e[0x8a][0x87][0x82]\9[0x81]L[0xa4][0xe2][0x14][0xa8][0xc6]7,*[0xab][0x95][0x8e]K[0x1b]X[0xb2]K[0x91]w[0x82][\n]"
16:29:17.924 [main] DEBUG org.apache.http.wire -- http-outgoing-0 << "5[0xcb][0xa9][\r][\n]"
16:29:17.925 [main] DEBUG org.apache.http.wire -- http-outgoing-0 << "00000001[\r][\n]"
16:29:17.929 [main] DEBUG org.apache.http.wire -- http-outgoing-0 << "[0x84][\r][\n]"
16:29:17.931 [main] DEBUG org.apache.http.wire -- http-outgoing-0 << "00000001[\r][\n]"
16:29:17.931 [main] DEBUG org.apache.http.wire -- http-outgoing-0 << "z[\r][\n]"
16:29:17.931 [main] DEBUG org.apache.http.wire -- http-outgoing-0 << "001[\r][\n]"
16:29:17.931 [main] DEBUG org.apache.http.wire -- http-outgoing-0 << "[0x6][\r][\n]"
16:29:17.931 [main] DEBUG org.apache.http.wire -- http-outgoing-0 << "4c7[\r][\n]"
16:29:17.931 [main] DEBUG org.apache.http.wire -- http-outgoing-0 << "4[0x85]_[0xe0]f`[0xcb][0x95][0x11][0x81]_[0x94]t[0xb6][0x17][0xc5][0x90]![\n]"
16:29:17.935 [main] DEBUG org.apache.http.wire -- http-outgoing-0 << "e[0x8d][0x8][0xb6][0xb]p[0x19][0xe3]6[0xd3]^M[0xd9][\r][0x82]J9[0x17][0xf1][0xb3]J[0xd0][0xe5]I[0x95]:H[0xb6][0xe3][0xe7]_F[0x8a]NR[0xe4][0xab]08[0xf9][0xca][0xbb]"'zc[0x8e][0xf][0x96][0xd2]S[0xce]#[0x9c]U[0xbe]X[0xf9][0xa7]W-[0xea][0x8e]nQ[0xf7][0xef]e|@[0xcf][0x83][0xef][0xd0][0xf3][0xa0][0x95]Y[0xf1]j[0xda][0xf4][0xe8][0xea]([0xe8][0x86][0x81][0x2]y[0x1f][0xed][0xb0]n'~[0x98][0xb6][0xe1][0x1a]E[0xf][0x1d][0xbf]:x[0xa3]\S[0x91][0xbf][0xe0]>.[0xdd][0xba][0x92]>[0xd9]n[0x17][0xce][0xa2]<[0x9c]+7[0xb]zA[0x98][0x8b]s![0x80][0x83]2[0xcf][0xcd]=[0x9a][0x96][0x83][0x1][0xd6][0x13]=H[[0x83]$[0x9]"[0x8]{[0xf]&[0xb7]2[0xe5]-[0xef][0x9d]>[\r][0xd2]/[0xd9]|[0x8a][0xff][0x98]7}[0x1e][0xbd][0xff][0xf9][0x3];6[0x9e]>[0xe1][0xcf]^=[0xf9]=[0xf9][0x1c]_[0xd8]_[0xce]f[0xd6][0xd3][0xe8][0x99][0xff][0xa1][0x92][0xb8][0xa0][0xe4][0x96][0xeb]m[D[0x15]wJ}[0xcf]"[0x9][0x17][0xfa][0xe4]*[0xe][0xe1][0xb0][0xd0][0x8a]B[[0x91][0xab][0x1e]y[0xfb],8[0xc7][0x89]Pp"[0xa2][0xa4][0x18][0xc2] [0xdc]t[0xd8]2[0x9d][0x80]-0[0x15]p[0xc1][0xea][0xa7]eC)/[0xf3]QVR[0xd0]/0[0xee]RH[0xad]8G[0xab][0x9b]{[0xe7][0x15]7t{g@[0xd2][0xff]mC[0x82][0x89][0x1d][0x1d]-[0xc2]c[0x86][0xa5][0xb9][0xb4]s[0xf0]-[0xc3][0xc1][0x93]K[0x88][0x1e]f{[0x1f]^[0xbe]x[0xe][0x3][0xf1][0xaf][0xfc]l[0xc5][0xf3]b[0xc7][0x95]q[0xa1]u[0x6][0xfe][0x1d][0xc8][\n]"
16:29:17.936 [main] DEBUG org.apache.http.wire -- http-outgoing-0 << "[0x0]4d:[0xb7]'5[0x1d][0xa6][0xb4]B[0xf7][0xe1][0xb5][0xf7][0x19][0xa6][0xc5][0xdb][0xed][0xc5]Q1[0x98]^r[0xf7][0xa3][0xfc][0xf2][0x18]@[0x1b]=[0x84][0xff][0xf6][0xed][0x9b][0xde][0xb0][0xa7][0xc9][0xea][0xcd]B[0xf3][0x8e]B,[0x8]q[0xe7]0[0x99][0x15]u[0xd9][0xa7][0x9][0x1e][0xd6][0xf2]]m[0x12][0xb8][0xfc][0xa3][0xbf][0xbb][0xfb]i[0xa2][0x14][0xd9][0x15]MZ[0xb6][0x8][0xea][0xd2][0x4][0x14][0xc8][0xde][0x80]Y[0xfa][0x8b][0xee]B[0xb9][0xde]l[0x98][0xeb][0x89]CmX[0xd1][0xe9][0xd4]k[0x13]Bq[0xcd][0xfc][0xb0][0x3]zq[\r]<[0xa4][0xb5][0xa7][0xb]f[0xaa][0xd3][0x87]0[0x87]9_[0xa9][0xad]E[0x8c][0x1b][0x8e]H[0x1a]U&s\[0xe9][0x10][0xce][0xe6][0xc2]l|V[0x1f][0x18][0xce]y[0xf1]6\r[0xc8][0xd9][0xda]j[0xdb]Z$qg[0x1b]U[0xbb]u[0xf6][0xb2]5[0xd9]D[0x8f][0x14][0x83]M[0x19][0x85][0x9b]%i[0xc7][0xfc][0xd7]d[0x19][0xc6]UH6q+[0xbd][0xcc][0x1][0xaa][0xa9][0xd5][0xfc]"[0xdf][0x3][0xf4]`[0x8c]{)&'{[0xd5]>[0xe6][0xde]"Yr,:[0xc1]1[0x7][0xc9]a[0xd1][0x9][0xbe]P[0xb8][0xc2]f''[0xe0][0xf0]r[0xb5][0xf]s[0xff]?[0x81]r[0xdd][0xd0][0x9b]/[0x81][0xc3][0xc9][0x8d]M[0x14][0xdc]h[0xb8]|t[0xfe]8[0xf1][0xaa]U[0xfc][0x81][0x85]woZ[0xb4][0xc7] L[0x89]&Ug[0x89]]oz[0xcf][0x87][0xf9][0xfb][0xc1]w[0x16][0xc9]qd[0xa6][0x4]l[0xf][0x93][0x1c]\N[0xc6][0xc8][0xb0][0xe9]}[0xb1][0x16][0xf3][0xf7][0xfc][0xfb][0x9d][0x9b][0xa5][0xe7]J[0xc8][0x82][0x0][0xb9]|[0xa9]Q[0x82][0xf1][0x97]gt[0xdc]n,I[[0xb9][0xfd][0x1d]y/[0x98][0x8]&[0xe8][0xf9][0x1][0xc4]9W;[0x19]q[0xdd]f[0x17][0xa7][0xe7],=[0xe6][0xf3]7o[0xde][0xbd][0xfc][0xb0]W<:?b[0xe1]o[0xef][0xfe]e>[0xa1]`[0x4][0x91]i[0x11][0xd2][0x9d][0xc8]q[0xdc]J[0x7][0xa2][0x8c][0xb9][0x1f][0xe8][0xe6][0x9c][0x7][0xae][0xc6][0x16][0xef]~>[0xbc][0x8][0x97][0x96][0xf5][0xf9][0xa7](}[0xff]vz[0xf9]!M[0xd3]w[0x8f][0x9f][0xf8][0xf0][0xf4][0xa8][0xf8][0xfd][0x17][0xe3][0x8f][0xf9][0xa3][0xc7][0xd3][0xdf]![0x85][0xbb]o[0x98]C}B[0x17][0x9b].[0x96]E[0x17]G[0x14]Z[0x86][0xa8]sh[0xb2][0x84][0x9b][0x91][0xff][0x8]c^[0xfc][0xb7]2[0xe6][0x13]c[0x96]=D[0xe2][0xad][0x11]qd[0x99][0xe2][0xe2][0x18]U[0xe1]?[0xca]Q[0xc1][0xff]V[0x8e][0xe6][0xc8][0x91][0xa9]k[0xce][0x4]/[0xa4][0x15]S7[0xc4][0xc5]D[0xc5][0x99][0xda]hP=[0xfd][0xa3][0x8c]-[0xb3][0xbf][0x95][0xb1]Sa[0x83][0x3][0x8d][0xec]lP[0x9a][0x1b])[0xce]4[0x87][0xff]'[0xc6]W[0xb0][0xbf][0x95][0xa3][0x84]8[0x1a]9[0xc4][0xd1]h[0xa4][0x91]r4[<[\r][0xe9][0xc9][0xd0][0xff]Y[0x8e][0xe6][0xab][0xbf][0x95][0xa3][0x9c]8[0xb2]u[\n]"
16:29:17.936 [main] DEBUG org.apache.http.wire -- http-outgoing-0 << "[0x9][0xf6][0xc0][0xa4][0x8b]N[0xca][0xb1][0x85][0x8e]l[0xa1]?[0xdb][0xb0][0xc4][0x93][0xf1][0xcf][0xf2]w[0xfa][0xf7][0x86][0x8b][0xb]r.[0xc3]@[0xfe]L[0xc3]"[0x8d][0x19][0xb6][0xdd]~2[0xcd][0xd8][0xab][0xa2][0xbf][0x95]#[0x8d]82mT[0x7]\[0x1c]q[0xa1][0x0]a[\n]"
16:29:17.936 [main] DEBUG org.apache.http.wire -- http-outgoing-0 << "[0x8b]4[0xed][0x11]]L[0xed][0x9f]e,[0xfd]{[0x9d][0xcb]"S[0x1c]j[0x14]'[0x86]6][0x6][0x8e]CO[0x86]([0xd4],[0xf1]T[0x5][0xf8][0xad]E[0x1f][0xf1][[0xad][0xc5]AN[0x95][0xe0]Z[0xc5]W[0xf2],]K[0x8b][0xed][0xba]2[0x1f][0xd0]G0I[0xc7][0xc9][0xf7][0xa4]u[0xc2][0xb6]Z[0xf7]@[0xb8]b[0xdf][0xbe]=[0xcf][0xa8]W'[0x83][0xbc]O[0x93][0x9][0x9c][0xdc][0xe7]0[0xd5][0xa4][0x89][0xc4][0xf7][0x16][0x2]s[0xb1][0xca][0x86]][0x1f][0xad]r<[0xc0][0x9d]K[0xc7]x>[0x16][0x8f][0x9c]mA[0xd8]^[0x6][0xed][0xe1]7 [0x0][0x1d][0xde]K[0xd5][0xb7][0x17]n[0xe0][0xfb][0xba][0xa6][0x83][0x4][0xf][0xa0][0x1f][0x94][0xb7]n9)[0xc2]W[0x17][0xee]^[0xcd]CJ[0x85]f[0xc1]@~>[0x99][0x9e][0xfe]qt[0x9c]<[0xcf]^[0xfc][0xf4]<[0x8a][0xf9][0x1f][0x83][0xb7][0xfa][0x87][0xf8][0x9d][0xf3]v[0xaa]}8[0x2][0x3][0xa9][0xd2]&[0xd1]OL[0xa7]Z*J[0xef]H{[0xd3][0xa2]Z[0x0][0x19][0x9a][0xf8][0x7][0xb6][0xe0]'[0xe9][0xd5]D24c([0xed]I[0xb7][0x85][0x90]&"
16:29:17.937 [main] DEBUG org.apache.http.wire -- http-outgoing-0 << "0Y[0xe]A[\r][\n]"
16:29:17.937 [main] DEBUG org.apache.http.wire -- http-outgoing-0 << "00000001[\r][\n]"
16:29:17.937 [main] DEBUG org.apache.http.wire -- http-outgoing-0 << "n[\r][\n]"
16:29:17.937 [main] DEBUG org.apache.http.wire -- http-outgoing-0 << "00000001[\r][\n]"
16:29:17.937 [main] DEBUG org.apache.http.wire -- http-outgoing-0 << "i[\r][\n]"
16:29:17.937 [main] DEBUG org.apache.http.wire -- http-outgoing-0 << "00000001[\r][\n]"
16:29:17.937 [main] DEBUG org.apache.http.wire -- http-outgoing-0 << "[0x16][\r][\n]"
16:29:17.938 [main] DEBUG org.apache.http.wire -- http-outgoing-0 << "00000001[\r][\n]"
16:29:17.938 [main] DEBUG org.apache.http.wire -- http-outgoing-0 << "[0x9e][\r][\n]"
16:29:17.938 [main] DEBUG org.apache.http.wire -- http-outgoing-0 << "00000001[\r][\n]"
16:29:17.938 [main] DEBUG org.apache.http.wire -- http-outgoing-0 << "3[\r][\n]"
16:29:17.938 [main] DEBUG org.apache.http.wire -- http-outgoing-0 << "00000001[\r][\n]"
16:29:17.938 [main] DEBUG org.apache.http.wire -- http-outgoing-0 << "[0xff][\r][\n]"
16:29:17.938 [main] DEBUG org.apache.http.wire -- http-outgoing-0 << "00000001[\r][\n]"
16:29:17.938 [main] DEBUG org.apache.http.wire -- http-outgoing-0 << "[\n]"
16:29:17.938 [main] DEBUG org.apache.http.wire -- http-outgoing-0 << "[\r][\n]"
16:29:17.938 [main] DEBUG org.apache.http.wire -- http-outgoing-0 << "04c3[\r][\n]"
16:29:17.938 [main] DEBUG org.apache.http.wire -- http-outgoing-0 << "[0xe4][0xf7]F[0xdc][0x91]m|[0xb3][0xb](s[0x89][0x2][0x8b]WA_[0xda][0xcc]=[0xab][0xd5][0xc3][0xff][0xf4][0x18][0x82][0x1f]$nu [0xc8][0x1e][0xd8]jy[0xbe][0xd9][0xb2][0xb4];^B[0xad][0xb6][[0xc3]8[0xe6][0xd9]{l[0xa9]z[e[0xcf][0x9][0x10][0xed]}[0xe3][0xe][0xba]W[0xbd][0xce]S[0xb6][0xa9][0xe6]3j[0xe0][0xfa][0xa8][0xe8][0x94][0x15]/[0x93][0x80][0xc3]D[0xe9][0xf1][0xf1][0xb1][0xfe][0x98][\n]"
16:29:17.938 [main] DEBUG org.apache.http.wire -- http-outgoing-0 << "[0xe4][0x3][0xff][0xe6][0x9e][0xed][0xd8][0xa7]=[0xa7][0x9]s[0x83][0x9e][0x1f][0x85]PB[0xb8]q[0xcb][0xbf]|[0x16]x78[0xeb][0xea]t[0xf0]([0x2][0xdb]q[0x1b][0x6]{[0xc4][0xd4]z[0xed]m[0x15][\n]"
16:29:17.940 [main] DEBUG org.apache.http.wire -- http-outgoing-0 << "[0xa6][0x95][0xea]5GQ[0xa3][0xce]\[0xda][0xe2][0x84][0xc9][0x97][0xdc][0x17][0xb0]i+[0xbe]S[0xee][0xc5]{[0xe1][0x85]+[0xef][0xb2]][0x19][0xee][0x16][0xb8]I[0xbb][[0xbe][0x1][0xd9][0xec][0xce][0xab]P.[0xab][0xa7][0xee][0xf][0xbe][0xde]:9[0xc5]=[0xf0][0xe6][0x85][0xc4]S[0x98][0xc8][0x89])[0x19][0xc7]]V[0xf8]o[0xbe][0xbb][0xb8]5Q[0xfb][0xda][0x8b][0xbb][0x97][0x9f]s[0xf7][0xda]c9[0x7][0xe9]z[0xe3][0x7]}x[0xee][0x9f][0xf4][0xe1][0xe7][0xf4][0xcf]K3[0x80][0xa7][0xde]"[0xed][0xf1][0xb8][0xf7][0xdb][0xf4][0xcc]:[0x1d][0x8c]~[0x9e][0x8e][0xac][0x1e][0xcf][0x7][0xbd][0xd7]}[0xbf][0xdd][0xe2][0x9c][0xbf]~[0xf7][0xf4][0xd9][0xfb][0xf7][0x83][0xf3][0xa3][0xde][0x8b][0xde][0x7][0xa8]fK[0xac][0x9e]N[0x8f][0xa6][0xd5][0xbf]_[0xa6]w[0xfc];,[0xeb][0x8e][0x1e][0xdd][0xa8]x[0xdc][0xdc][0x1e]Q[0xe5]/[0xd3][0xc3][0x1a][0xd6][0xa3][0xa6][0xfa][0x17]|[0x9a]Nq[0xb9][0xe6]hnO[0xe7]e[0xef][0xa3]GO[0x1b][0x0][0xce][0xa3]~[0x80][0xd4][0xe8]}^^[0x83]9^[0xb5][0xfe][0xea][0xf3]\[0x14]d9[0x91][0xfb][0xf8][0xed]HK[0x9e][0xae]f[0xa7][0xc6][0xd9][0xd3][0xcf][0x17][0xde][0xbb][0xa7][0xc9][0xf4]g{[0x9a][0x9e][0xbc]{}[0xfe][0xcb]YR\L[0x1f][0xa8]$[0xac]<[0xaf]e[0x95]o[0xcb][0xea]?[0x96][0xc4][0xf4][0xa6]$n[0xfd][0xfb][0x8e]$[0xb6]xyn<{1[0x9a][0x1f][0x5][0xcf]~e[0xcf][0x87]_~5[0xa7][0x1f][0x9e][0xfe][0xf4][0xe6][0xf7]G[0xd9][0xa3]g[0x8f].[0x4]/[0x9f][0xf3][0xbf][0xa4][0xf6][0x8a][0x9b][0x1f][0xfc]wt[0xb3][0xe0][0x96]^[0x0][0xc6][0xb7][0xf4]Z*[0xb2][0xcd][0xf3][0xe1][0xa5][0x93]>[0xe5][0xda]o[0x91][0xb3]||[0xfc][0xfa][0xec]g[0xe7][0xb7][0xf][0xd9][0x87][0xe0][0xcc][0xd2][0xf7][0xae][0xe6][0xf]T~[0xe9]/[0xc7][0x1f]?mn[0xbb][0x4][0xfa][0xf5][0xca][0xfd][0xff],[0x8c][0xbb][0x8c][0xdc][0xfa]a[0xd9][0xf4][0x89][0x9b][0xdc];Yp5[0x10][0xdb][0xf9]y[0xe1][0x8a][0x17]M[0xd9]2[0xc0][0x9d]E[0x8d][0x1e][0x96][0xf0] [0xee][0xd2]$[0x15][0xaf][0xf4][0x8b][0x87][0xf3][0xb4][0xdc][0xfb][0xc7][0xc7][0x8c][0xcd]ZO[0xd1],mWr[0xdf]k=[0xf9][0x80][0xa7]yJ/[0xab][0x96][0xb7][0x8f][0xb3][0xd5][0xef][0xf1][0xce][0xeb]1[0xa6][0x8c]d![0xab][0x8f][0xd3][0x84][0xac][0x97][0xf5][0x1e][0x19]?[0x15]WA}[0xe4][0xa4][0xd3][0xf9][0x88][0xdf]G[0x19]~[0xaa][0xd7][0xd3]Xo[0xa9][0xec][0xbb][0x1a][0x9e]@[0xf3][0xbd]Y [0xae][0xe7][0xe1][0x1][0x1b][0x8b][0x83][0x1e][0xad][0x97][0x86][0x17][0xf8][0xbe][0xbd]x[0xa7][0xbf]^b[0xf3]3[0xce][\n]"
16:29:17.941 [main] DEBUG org.apache.http.wire -- http-outgoing-0 << "^[0x8e]8][0xdc]s8[0x95][0x95][0x89][0xd7]c[0xb9]+[0x97]g[0xbc][0xe0][0x89][0x6]k[0x6]7[0x19][0x9e][0xd7][0x81]T[0x4]OA[0xc8]7[0xce]F[0xb0]4[0xe5]q[0xf0]x[0x11]FA[0xd7]S[0x9a][0xd7][0xfc]Ok[0x1e]?F[0x9f][0xaa]sCA*[0xce][0xa9]$[0xd9]![0xa3][0x15]D[0xb5][0xae]pwp[0x85][0xae]:S[0x94][0xbb][0xf5][0xdd]z[0xdd][0xfe][0x14][0xc2][0x12][0xb9][0xa9][0xe4]r[0xd0][0xc5]WB[0x97][0xb4][0x1a][0xd9][0xff][0xd8]?[0xe8]|[0xf2]A5[0xdd][0x8f][0xff][0xd3][0xef][0x1c][0xdc][0xff][0xb4][0xab][0xf4][0x15][0xe5][0x80]}[0xd4]?[0x8d]q[0xec][0xa1][0x9f][0x1b][0x9f];[0x10]b[0x89]T[0xeb][0xad][0xe3][0xfa][0x15][0xef][0xcb][0x8a][\n]"
16:29:17.942 [main] DEBUG org.apache.http.wire -- http-outgoing-0 << "[0xfa][0xe4][0xc4][0x81]?n[0xb5]:[0xeb]z*([0x6][0xc][0x5]/h!J[0xab][0x9f][0xbf]i[0xde]wnN[0x13]]v[[0x2][0xca][0xca]W[0xc6]q[0x0][0xa7]S![0xe2][0xa0][0xde][0xce]R<*[0xcd][0xdb][0xc1][0xe2][0xf8][0xc9][0xa4]~[[0xbd][0xa6]"P[0xae][0xfd]N[0xc7][0x87][0xeb]][0x82][0xc3][0xe3]@[0x90]65Q[0x82]7[0x92]C[0xc];[0xae][0xcb]7[0xca]f[0xd3]t[0xa0][0xd7][0xa6][0x5][0xf6]oh[0x99])[0xad]o([0x14]t[0xea][0xc9]W[0x5])[0xa8][[0xe][0xda][0x80][0xbc]/[0xc9][0xc2][0xe2][0xca][0x95][0xa3][0xe4][0x2]-[0xeb] [0x13][0x8b][0xe0][0xd3]8\[0xd2][0xba][0xec]S|[0x9d][0xb3][0x1d][0xc0]P[0x1c][0x81][0xb2]Q[0xc6][0xe5]Mu62w[0xb3]F[0xfb]g[0x2][[0x9d][0x1][0x14][0xa1]Z{[0xe]>[0x80]-[0xa3][0x8d][0xaa]2D[0xbe]([0x97][0xc5])[0xbc][0xe0][0xab][0x86]_[0xda]:[0x1e][0xd5][0xbc]u[0x9a][0xab]F[0x82][0x7][0xdc][0xf4][\r]5[0xd9][0x16][0xff]V[0xb][0xad][0xd6]8[0xa0]^[0xe5][0xe5]1[0xad]I[0xd1][\r]H>[0xac]V[0x11][0x9e][0xf6]t[0xf7][0xf4]I[0xdb][0xf2][[0xee]z[0xd1]m[0xbe][0xc2][0xc1][0xee]Z[0x14][0xcf][0x1f]][0xbd][0x15][0xef]Ew[0xe5]p9[0x97]qQ^S[0xd1]N[0xca][0xcf][0x1c]x[0xf][0xfd][0x89][0xb7][0xbb]+[0xec]'p[0xd9]G[0xef][0x93]J[0xe7]K9[0xa4][0x90][0xb][0x96][0xdf]|:[0xfa]ru"+[0x9d][0x8e]8f[0xd6][\r][0xee]z[0xc7][0x9a][0x15]3YQ:[0xba][0x82]0[0xb6][0xeb]?[0xe7]x[0xec][0x0][0xdf][0x2][0x80][0x9][0x99][0xa2]rw[0xa7][0xdb][0xa5][0xe3]e[0xef][0x1e]}x~$[0xaf][0xd7][0xf4][0xf0][0xab]9[[0x9c]z[0xd5][0xd3][0xdb][0xe3]?[0xe][0xcf][0x2]Dz'E`[0x80][0xb2]"
16:29:17.943 [main] DEBUG org.apache.http.wire -- http-outgoing-0 << "[0xf8][0xaa][0x3]/[0xf][0x95][0x82][0x88][0xca][0x1b][0xbd][0xfa]D[0xca][0xa5]z[0xa5]~Q[0xa7][0xea]#[0xf5][0xb1][0xfa]D=T[0x9f][0xaa][0xcf][0xf0][0xf3][0x1d][0xb5] [0x9f][0xe3].[0x80][0xb][0xf1][0xb8]6[0x10]T[0xc][0x4][0xa0][0x95][0x18][0x14][0xdc][0xa8][0x8a][0x1c][0xf6][\r][\n]"
16:29:17.944 [main] DEBUG org.apache.http.wire -- http-outgoing-0 << "00000001[\r][\n]"
16:29:17.944 [main] DEBUG org.apache.http.wire -- http-outgoing-0 << "1[\r][\n]"
16:29:17.945 [main] DEBUG org.apache.http.wire -- http-outgoing-0 << "00000001[\r][\n]"
16:29:17.947 [main] DEBUG org.apache.http.wire -- http-outgoing-0 << "j[\r][\n]"
16:29:17.947 [main] DEBUG org.apache.http.wire -- http-outgoing-0 << "00000001[\r][\n]"
16:29:17.947 [main] DEBUG org.apache.http.wire -- http-outgoing-0 << "[0xa0][\r][\n]"
16:29:17.947 [main] DEBUG org.apache.http.wire -- http-outgoing-0 << "00000001[\r][\n]"
16:29:17.947 [main] DEBUG org.apache.http.wire -- http-outgoing-0 << "n[\r][\n]"
16:29:17.947 [main] DEBUG org.apache.http.wire -- http-outgoing-0 << "00000001[\r][\n]"
16:29:17.947 [main] DEBUG org.apache.http.wire -- http-outgoing-0 << "y[\r][\n]"
16:29:17.947 [main] DEBUG org.apache.http.wire -- http-outgoing-0 << "00000001[\r][\n]"
16:29:17.947 [main] DEBUG org.apache.http.wire -- http-outgoing-0 << "p[\r][\n]"
16:29:17.948 [main] DEBUG org.apache.http.wire -- http-outgoing-0 << "00000001[\r][\n]"
16:29:17.948 [main] DEBUG org.apache.http.wire -- http-outgoing-0 << "[0xb2][\r][\n]"
16:29:17.948 [main] DEBUG org.apache.http.wire -- http-outgoing-0 << "00000001[\r][\n]"
16:29:17.948 [main] DEBUG org.apache.http.wire -- http-outgoing-0 << "8[\r][\n]"
16:29:17.948 [main] DEBUG org.apache.http.wire -- http-outgoing-0 << "00000001[\r][\n]"
16:29:17.948 [main] DEBUG org.apache.http.wire -- http-outgoing-0 << "[0xf9][\r][\n]"
16:29:17.949 [main] DEBUG org.apache.http.wire -- http-outgoing-0 << "00000001[\r][\n]"
16:29:17.949 [main] DEBUG org.apache.http.wire -- http-outgoing-0 << "3[\r][\n]"
16:29:17.949 [main] DEBUG org.apache.http.wire -- http-outgoing-0 << "00000001[\r][\n]"
16:29:17.949 [main] DEBUG org.apache.http.wire -- http-outgoing-0 << "[0xc0][\r][\n]"
16:29:17.949 [main] DEBUG org.apache.http.wire -- http-outgoing-0 << "00000001[\r][\n]"
16:29:17.949 [main] DEBUG org.apache.http.wire -- http-outgoing-0 << "[0xc8][\r][\n]"
16:29:17.949 [main] DEBUG org.apache.http.wire -- http-outgoing-0 << "00000001[\r][\n]"
16:29:17.949 [main] DEBUG org.apache.http.wire -- http-outgoing-0 << "A[\r][\n]"
16:29:17.949 [main] DEBUG org.apache.http.wire -- http-outgoing-0 << "00000001[\r][\n]"
16:29:17.949 [main] DEBUG org.apache.http.wire -- http-outgoing-0 << "[0xef][\r][\n]"
16:29:17.949 [main] DEBUG org.apache.http.wire -- http-outgoing-0 << "00000001[\r][\n]"
16:29:17.949 [main] DEBUG org.apache.http.wire -- http-outgoing-0 << "[0xac][\r][\n]"
16:29:17.949 [main] DEBUG org.apache.http.wire -- http-outgoing-0 << "00000001[\r][\n]"
16:29:17.949 [main] DEBUG org.apache.http.wire -- http-outgoing-0 << "C[\r][\n]"
16:29:17.950 [main] DEBUG org.apache.http.wire -- http-outgoing-0 << "00000001[\r][\n]"
16:29:17.950 [main] DEBUG org.apache.http.wire -- http-outgoing-0 << "[0xec][\r][\n]"
16:29:17.950 [main] DEBUG org.apache.http.wire -- http-outgoing-0 << "00000001[\r][\n]"
16:29:17.950 [main] DEBUG org.apache.http.wire -- http-outgoing-0 << "[0x0][\r][\n]"
16:29:17.951 [main] DEBUG org.apache.http.wire -- http-outgoing-0 << "00000001[\r][\n]"
16:29:17.951 [main] DEBUG org.apache.http.wire -- http-outgoing-0 << "[0xa3][\r][\n]"
16:29:17.952 [main] DEBUG org.apache.http.wire -- http-outgoing-0 << "00000001[\r][\n]"
16:29:17.952 [main] DEBUG org.apache.http.wire -- http-outgoing-0 << "~[\r][\n]"
16:29:17.952 [main] DEBUG org.apache.http.wire -- http-outgoing-0 << "001[\r][\n]"
16:29:17.952 [main] DEBUG org.apache.http.wire -- http-outgoing-0 << "[0xe6][\r][\n]"
16:29:17.952 [main] DEBUG org.apache.http.wire -- http-outgoing-0 << "38d[\r][\n]"
16:29:17.952 [main] DEBUG org.apache.http.wire -- http-outgoing-0 << "[0xe2][0x8d][0xd2][0xd6][0xaf][0x1b]A[0xe2]z[0xf2][0xf4][0xe4]s[0x8e][0x1f][0x81][0x88]&[0x8f][0x1a][0xab][0x0][0xeb][0xc4]/[0x80]l&[0xf4][0xa1][0x83]+[0xb7][0xb][0xe3][0x83][0xeb][0xea]0[0x6][0xe0][0xd5][0x4][0x9e]wv[0xaa][0xcc][0x9c][0xcd][\n]"
16:29:17.954 [main] DEBUG org.apache.http.wire -- http-outgoing-0 << "x[0x4][0x95]O[0xbe][0xb8][0xf8]i[0x8f][0xa9][0xbb][0xf3][0xc][0x10]RKc[0xab][0xc7][0x97][0xb2][0x1d][0xc8][0xe4]Y[0x15][0xb7][0xee]l7[0x99]}|[0xf6]i[0x8b][0x1a]a[0x6];[0xba][0xca][0xb7][0xbe]nA[0x9f][0xd1][0xd8][0x1][0xcb][0xc9][0x8b][0x83][0xbb][0xf7]P[0xca]`A[0x96][0xec][0x8b][0x84]\$[0xf6]j[0x99][0xdf][0x9f]([0xb8][0xaf]2[0xfe]J[0x1d][0x88][0xc0]k[0xf]k,[0x88][0xf2][0x83][0xee][0x17][0x1a][0xa8]D[0xa8][0xb9][0xfd][0xb1][0x8d][0xed][0xd6][0x1b]Em7[0xe7][0x8a][0xda]"[0x94][0xab]0[0x94]+[0xca][0x98]CP[0xdd]<v[0xef][0xc1]p>y[0xe2][0xe2]8>9t[0x1f][0xb7][0xf6][0xe7]`[0xe0][0x12][0xef]W[0x86][0xf1]|[0xbd]~[0xd2][0xaa][0x11][0x1b][0x84][0x93][0xa7][0xee][0x93][0x3][0x19]_r[0xf0][0xc2][0x8][0x82][0x96]xkT[0x1e][0xcb][0xed][0x8e]ea[0x13][0xbe][0x8f]p[0xfc][0x80][0xd8]~[0xb5]^O[0xd7][0xeb]C[0x90][0xe6]#<[0xd0]yI[0xe3][0xd8][0xbd][0xbb][0x5][0xfa]#Q+[0xa5][0xb0][0xf5]\[0xa8][0xba][0x4]N[0x1f][0xfc][0xb8][0xaa][0xc6][0xd3][0x16][0xc0]+4[0xb1][0xa3]n3p[0xa2]E[0x1][0x19][0x93][0x16]~[0xa6]B[0xfe][0xa3]l[0xa6]t[0x1a][0xb5][0xd5]wZ[0xf5][0xdd][0x92]1[0xdb][0x92]1[0x13]2FR[0xe]+[0xab]k[0x81][0xe8]>9[0xb8]![0xcb][0xf1][0x9d]RW@:[0x87]h[0x81]G[0xdd][0x9d]'[0x8a]Z[0xb7][0xc9][0xf8]29[0xe7][0xdb][0x9f][0x95]x[\n]"
16:29:17.955 [main] DEBUG org.apache.http.wire -- http-outgoing-0 << "[0x83]"[0xf0]S[0xb7][0xb9][0xf5][0xdd][0x9]h[0xa0]^[0x97][0xc7][0x9e][0xc6][0x10][0x17][0x94][\r]h[0x1][0xb2][\r]q[0x9c][0xfd]Q[0x97]lR$[0xc8][0x95])J[0xae]T[0xdf][0xae][0xd7][0xd2]u}[0x84][0xf7][0xe4][0xc9]j[0x99][0x1e]^[0xfa]<%[0x9d][0xba][0xd2][0xc9][0xed][0xa2][0xf6][0xf0])[0x8e][0xcf][0xf3]I[0x3] o[0xc1][0xce]K[0xe0]'[0xf9][0xf7][0x1][0xd7][0x0][0xce][0xda][0x10][0xce]j[0x10]g[0x1]F[0x1d][0xb9][0xb4]6[0xb9]>$[0x17][0xbe]w[0xb7]kNn[0xaf]w[0x14][0xee][0xc7][0x81]n[0xa8][0x9a]j[0xc][\r][0xdd][0xb2][0xe0][0x6][0xff][0x86][0xb6][0xae]9[0xf8]eL[0xb8]5-m[0x88][0x1f][0xf][0xd4][0xc][0xfa][0x84][0x9d]m[0x1b][0xfa]P[0x1d][0x98]C[0xc7][0xd6]F[0xf4][0xfd]9}8[0x18]Y[0x96][0xa5][0xe1]W[0xc][\r][0xdd][0x1e]9[0xf8][0xad]3[0x9b][0xbe][0xa3][0xa7]9P[0xe6][0xa8][0x83][0x81][0xa5]Y[0x16]~[0xd5][0x8c][0xa0][0x18][0xea]p[0x0][0x0][0xe8][0xfb][0x98][0xce][0x80]>BYA[0x1b][0x9][0x1a][0xac][0xc1]`[0xe8]h[0xe][0x92][0xe5]@?K[0x1b][\r]?[0xd5][0xa2]{zR$[0xf3]9[0xbe]:[0xd8]H[0x10]<[0xa8]UZl[0xdb][0xc1][0xd3][0x13]:[0x8b][0x1d]E[0x8f][0xf3]v[0x9f][0xad]b[0x90]#[0xc2]<W[0xae]o[0x8b]*][0xfa][0xee][0x83][0xeb]?/[\r]#[0xc0][0x9f][0xf1][0xf5]F[0xc5]+M>D[0x1][0xfe][0x8a][0x5][0x15]z[0xc6][0x9f][0x5][0xf][0xb3](I[0x96]{[0x8b][0x14][0x1f][0xa9]G[0xb0][0xa0]jz[0xf][0x86][0x9e][0xf3][0xba]y[0xdd]f[0x91][0xe4][\r][0x90]f[0xd9][0xb0][0xae][0xff][0x9c]'q[0xba][\r]f[0x99][0xcf][0xf3][0x16][0x1d][0xa1][0x17][0xd5][0x0][0x1e][0xe3][0xe1][0xbb][0xf2]<PC[0xc6][0xd5][0xb2]n[0xf0][0x4]b[0xfd]U[0xb2][0x92][0x96][0x9c][0xc5][0xe3][0xba]E[0xe4][0x9f]^[0xd5]M[0x8e][0xfe][0xfc]s[0xa5]i[0xc6][0xf0][0xbe]9[0x9a][0xdc]8[0xc4][0xd3]tX68_[0x0][0xb6][0x98]>|QW[0xa7]0[0xc2][0xd7][0xf5][0xf4][0xe6][0xbf]8/ ][0xb0]\[0x12]Q![0x10]o[0xfe][0x3]-[0x99]D[0x8][0xcd][0xc7]b[0xf9][0x10][0xe7]y[0xfe][0x89][0x1d][0xab]#[0x9b][0xe2]I4:l[0x1d][0xd3],[0xbb][0xf5]YY[0xd5]F[0xdf][0x90][0xf7]+[0xa1][0xab][0xeb]r/l[0xe4]-[0x4]%yW[0x12][0x1d];l[0x1a][0x95][0xe2][0xa3]F[[0x87][0xac][0xb0]@[0x98]Cr[0x9e][0xb5][0xad]#=[0xbb][0xad][0xdb]l&[0xf4][0xf4][0xf1][0x93][0x80]Z$[0xa7][0x8d]"[0x8e]~:t[0x8a]W[0xe9][0xfc][0xd9][0x93]s[0xe3][0x99][0xf5]b[0xaa][0x8f][0xf2][0x17]+[0xeb][0xc3][0xf4]sB86[0xf5][0xa7][0xe9][0xd0][0x1c][0xe9][0xed][0x89][0x14]?>[0xdc][0x85]G[0xe5][0xd6]izL[0xe2][0xf1]P=~[0x9][0xf9][0x1][0x0][0x0][0xff][0xff][0x3][0x0][0xce][0xd8][0xd3][0x16][0x19]Y[0x0][0x0][\r][\n]"
16:29:17.955 [main] DEBUG org.apache.http.wire -- http-outgoing-0 << "0[\r][\n]"
16:29:17.955 [main] DEBUG org.apache.http.wire -- http-outgoing-0 << "[\r][\n]"
16:29:17.956 [main] DEBUG org.apache.http.impl.conn.DefaultManagedHttpClientConnection -- http-outgoing-0: Close connection
16:29:18.047 [main] DEBUG org.apache.http.impl.execchain.MainClientExec -- Connection discarded
16:29:18.048 [main] DEBUG org.apache.http.impl.conn.PoolingHttpClientConnectionManager -- Connection released: [id: 0][route: {s}->https://www.google.com:443][total available: 0; route allocated: 0 of 5; total allocated: 0 of 10]
16:29:18.048 [main] DEBUG org.apache.http.impl.conn.PoolingHttpClientConnectionManager -- Connection manager is shutting down
16:29:18.050 [main] DEBUG org.apache.http.impl.conn.PoolingHttpClientConnectionManager -- Connection manager shut down
16:29:18.056 [main] DEBUG io.netty.util.internal.logging.InternalLoggerFactory -- Using SLF4J as the default logging framework
16:29:18.061 [main] DEBUG io.netty.util.internal.InternalThreadLocalMap -- -Dio.netty.threadLocalMap.stringBuilder.initialSize: 1024
16:29:18.061 [main] DEBUG io.netty.util.internal.InternalThreadLocalMap -- -Dio.netty.threadLocalMap.stringBuilder.maxSize: 4096
16:29:18.078 [main] DEBUG io.netty.util.internal.PlatformDependent0 -- -Dio.netty.noUnsafe: false
16:29:18.078 [main] DEBUG io.netty.util.internal.PlatformDependent0 -- Java version: 17
16:29:18.079 [main] DEBUG io.netty.util.internal.PlatformDependent0 -- sun.misc.Unsafe.theUnsafe: available
16:29:18.079 [main] DEBUG io.netty.util.internal.PlatformDependent0 -- sun.misc.Unsafe.copyMemory: available
16:29:18.080 [main] DEBUG io.netty.util.internal.PlatformDependent0 -- sun.misc.Unsafe.storeFence: available
16:29:18.080 [main] DEBUG io.netty.util.internal.PlatformDependent0 -- java.nio.Buffer.address: available
16:29:18.080 [main] DEBUG io.netty.util.internal.PlatformDependent0 -- direct buffer constructor: unavailable: Reflective setAccessible(true) disabled
16:29:18.081 [main] DEBUG io.netty.util.internal.PlatformDependent0 -- java.nio.Bits.unaligned: available, true
16:29:18.082 [main] DEBUG io.netty.util.internal.PlatformDependent0 -- jdk.internal.misc.Unsafe.allocateUninitializedArray(int): unavailable: class io.netty.util.internal.PlatformDependent0$7 cannot access class jdk.internal.misc.Unsafe (in module java.base) because module java.base does not export jdk.internal.misc to unnamed module @319b92f3
16:29:18.084 [main] DEBUG io.netty.util.internal.PlatformDependent0 -- java.nio.DirectByteBuffer.<init>(long, {int,long}): unavailable
16:29:18.084 [main] DEBUG io.netty.util.internal.PlatformDependent -- sun.misc.Unsafe: available
16:29:18.086 [main] DEBUG io.netty.util.internal.PlatformDependent -- maxDirectMemory: 4215275520 bytes (maybe)
16:29:18.086 [main] DEBUG io.netty.util.internal.PlatformDependent -- -Dio.netty.tmpdir: C:\Users\Shubham\AppData\Local\Temp (java.io.tmpdir)
16:29:18.086 [main] DEBUG io.netty.util.internal.PlatformDependent -- -Dio.netty.bitMode: 64 (sun.arch.data.model)
16:29:18.087 [main] DEBUG io.netty.util.internal.PlatformDependent -- Platform: Windows
16:29:18.087 [main] DEBUG io.netty.util.internal.PlatformDependent -- -Dio.netty.maxDirectMemory: -1 bytes
16:29:18.087 [main] DEBUG io.netty.util.internal.PlatformDependent -- -Dio.netty.uninitializedArrayAllocationThreshold: -1
16:29:18.089 [main] DEBUG io.netty.util.internal.CleanerJava9 -- java.nio.ByteBuffer.cleaner(): available
16:29:18.089 [main] DEBUG io.netty.util.internal.PlatformDependent -- -Dio.netty.noPreferDirect: false
16:29:18.092 [main] DEBUG com.intuit.karate -- response time in milliseconds: 1570
1 < 200
1 < Date: Tue, 10 Mar 2026 10:59:17 GMT
1 < Expires: -1
1 < Cache-Control: private, max-age=0
1 < Content-Type: text/html; charset=ISO-8859-1
1 < Content-Security-Policy-Report-Only: object-src 'none';base-uri 'self';script-src 'nonce-TWv9SVLkKZbhbimdByKEaw' 'strict-dynamic' 'report-sample' 'unsafe-eval' 'unsafe-inline' https: http:;report-uri https://csp.withgoogle.com/csp/gws/other-hp
1 < Reporting-Endpoints: default="//www.google.com/httpservice/retry/jserror?ei=hfmvaeaMEunN1sQP9YqLsQ0&cad=crash&error=Page%20Crash&jsel=1&bver=2394"
1 < Accept-CH: Sec-CH-Prefers-Color-Scheme
1 < P3P: CP="This is not a P3P policy! See g.co/p3phelp for more info."
1 < Server: gws
1 < X-XSS-Protection: 0
1 < X-Frame-Options: SAMEORIGIN
1 < Set-Cookie: __Secure-STRP=AEEP7gKTuL1ZdGck7oCPpDd7bzCOXXpT_0DG91FI4zEWKVbWNZe9WgjBtWsdo0qofa4vBrlRphM_hcOACWsl1NTAf7vPsIenwK1T; expires=Tue, 10-Mar-2026 11:04:17 GMT; path=/; domain=.google.com; Secure; SameSite=strict
1 < Set-Cookie: AEC=AaJma5vI3Jk-jgkZDW9ib2G9HpmBLIJquX3N9AQmkiIamUmxR064KL403A; expires=Sun, 06-Sep-2026 10:59:17 GMT; path=/; domain=.google.com; Secure; HttpOnly; SameSite=lax
1 < Set-Cookie: NID=529=I5NnvQbezAAOkIT-OL5MepxZFAiC0O8Xmbm6JS2JquQ1Nh44_jWJsZfG3F9DQanMiZhkZTy4hQGn7n5mr7EQrdF18-YGDxADBXJA7iXEo9J8dL68deqckH4kJIIE9KTQpFF9IWCFPawAlrw6rME4u8dNUhNY1_80a_skF7SBT8ehh1rfgw7_6XjFRLpd4pIObP5mKwryaUbRutVUSIMc7FeXBoTqBr8-QlA; expires=Wed, 09-Sep-2026 10:59:17 GMT; path=/; domain=.google.com; HttpOnly
1 < Set-Cookie: __Secure-BUCKET=CKcF; expires=Sun, 06-Sep-2026 10:59:17 GMT; path=/; domain=.google.com; Secure; HttpOnly
1 < Alt-Svc: h3=":443"; ma=2592000,h3-29=":443"; ma=2592000
1 < Transfer-Encoding: chunked
<!doctype html><html itemscope="" itemtype="http://schema.org/WebPage" lang="en-IN"><head><meta content="text/html; charset=UTF-8" http-equiv="Content-Type"><meta content="/images/branding/googleg/1x/googleg_standard_color_128dp.png" itemprop="image"><title>Google</title><script nonce="TWv9SVLkKZbhbimdByKEaw">(function(){var _g={kEI:'hfmvaeaMEunN1sQP9YqLsQ0',kEXPI:'0,203055,9,1101139,2935842,78813,16105,78219,123645,142932,219814,81336,5219175,12706,62192396,65170,39772,74609,709,23254,37805,28334,48904,16391,14019,7714,6975,26410,3050,2,1667,837,20674,2864,22727,10370,22896,13071,9923,10758,11882,6437,9742,2646,2246,22000,14506,1382,2,1,1515,3355,2,194,5814,2,20306,2,874,2231,5089,19,3007,13,783,4081,4,5386,25902,1250,2116,3221,311,534,2046,2,12,16,1545,3,5189,2,12,738,1010,1747,4,15193,4,2200,2,9,4,28,537,5,1113,389,4,2647,5,2698,2870,298,3415,5838,1275,7,1784,7,1043,2,1918,10457,2,5724,9,602,96,1553,4,794,5135,915,3664,1,2,569,234,3,1359,2,2356,2636,10,204,441,158,2,1645,191,4,1928,1638,544,4,1567,2433,187,2105,5,259,5,197,1921,209,236,19,1421,119,4,385,1979,2363,5,40,394,2175,4,3845,4,354,1692,4,264,107,5,4,970,4,966,5,1125,3,2,44,2592,1114,4,32,4,136,137,574,1073,783,4,40,4,2110,4,134,304,323,1,576,1776,1856,9,41,4,1,1,1184,4,14,3,2,1,447,4,730,5,75,4,1940,4,411,1021,217,4,769,572,1,1091,1,265,1928,1,1,2,5463,13,508,823,1454,1016,8,5,14,57,258,695,8,2244,4,281,264,563,2916,18,4,2,544,339,2206,5,1722,4,1731,4119,29,460,21008031,5,2253,739,4,2960,3,3237,4648,606,2,709,849,3,11875,524,13,3656,3,746,6,1149,3,2862,2716,2,1971,2,690,2,6496101,6123,82,108429,3632243,94289,704800,11788913,728180,3632815,111,590,5,1023,219,3,1448,857,137,3,12,1,600,4,65,388,2,996,4,167,4,488,61,220,3,2,2,2,3182,5,3357,1,10,7,7,865,118,1,2,5,44,2,12,16,362,276,2,8,12,1045,1,2,665,207,7,298,3,12,1,1171,47,1013,3806,160,370,311,342,2,3,1090,207,5,163,129,5,142,4,228,54,302,219,89,3,1818,13,2,197,137,4,108,570,165,8,312,125,802,405,177,4,73,450,1,2660,1260,5,2,8,91,622,4,222,14,6,1743,225,4,70,230,375,211,125,4,591,60,1826,4,117,345,243,2,131,245,442,1133,8,92,2,329,800,4,242,960,3,872,4,132,211,239,5138,39,9,946,142,3,308,2,73,218,3,2,2,2,721,215,3,2,1,8,1122,1856,502,1676,293,37,4,507,141,37,93,117,449,320,84,3,273,3,4,317,1,2,160,496,3,2,2,2,239,4,322,232,663,28,454,562,56,111,826,21,443,640,8,12,546,140,3,222,4,752,585,4,441,4,246,1577,4,113,3,2,1,8,591,169,155,12,66,744,774,2,1076,19,4,41,2605,2,174,30,3,2,2,2,662,867,1108',kBL:'4Poi',kOPI:89978449};(function(){var a;((a=window.google)==null?0:a.stvsc)?google.kEI=_g.kEI:window.google=_g;}).call(this);})();(function(){google.sn='webhp';google.kHL='en-IN';google.rdn=true;})();(function(){
var g=this||self;function k(){return window.google&&window.google.kOPI||null};var l,m=[];function n(a){for(var b;a&&(!a.getAttribute||!(b=a.getAttribute("eid")));)a=a.parentNode;return b||l}function p(a){for(var b=null;a&&(!a.getAttribute||!(b=a.getAttribute("leid")));)a=a.parentNode;return b}function q(a){/^http:/i.test(a)&&window.location.protocol==="https:"&&(google.ml&&google.ml(Error("a"),!1,{src:a,glmm:1}),a="");return a}
[...]
[THYMELEAF]             * [* {th:codetype,data-th-codetype}] [1000]: org.thymeleaf.standard.processor.StandardRemovableAttributeTagProcessor
[THYMELEAF]             * [* {th:abbr,data-th-abbr}] [1000]: org.thymeleaf.standard.processor.StandardRemovableAttributeTagProcessor
[THYMELEAF]             * [* {th:accept-charset,data-th-accept-charset}] [1000]: org.thymeleaf.standard.processor.StandardRemovableAttributeTagProcessor
[THYMELEAF]             * [* {th:manifest,data-th-manifest}] [1000]: org.thymeleaf.standard.processor.StandardRemovableAttributeTagProcessor
[THYMELEAF]             * [* {th:radiogroup,data-th-radiogroup}] [1000]: org.thymeleaf.standard.processor.StandardRemovableAttributeTagProcessor
[THYMELEAF]             * [* {th:form,data-th-form}] [1000]: org.thymeleaf.standard.processor.StandardRemovableAttributeTagProcessor
[THYMELEAF]             * [* {th:rev,data-th-rev}] [1000]: org.thymeleaf.standard.processor.StandardRemovableAttributeTagProcessor
[THYMELEAF]             * [* {th:frameborder,data-th-frameborder}] [1000]: org.thymeleaf.standard.processor.StandardRemovableAttributeTagProcessor
[THYMELEAF]             * [* {th:list,data-th-list}] [1000]: org.thymeleaf.standard.processor.StandardRemovableAttributeTagProcessor
[THYMELEAF]             * [* {th:height,data-th-height}] [1000]: org.thymeleaf.standard.processor.StandardRemovableAttributeTagProcessor
[THYMELEAF]             * [* {th:longdesc,data-th-longdesc}] [1000]: org.thymeleaf.standard.processor.StandardRemovableAttributeTagProcessor
[THYMELEAF]             * [* {th:formtarget,data-th-formtarget}] [1000]: org.thymeleaf.standard.processor.StandardRemovableAttributeTagProcessor
[THYMELEAF]             * [* {th:alt,data-th-alt}] [1000]: org.thymeleaf.standard.processor.StandardRemovableAttributeTagProcessor
[THYMELEAF]             * [* {th:charset,data-th-charset}] [1000]: org.thymeleaf.standard.processor.StandardRemovableAttributeTagProcessor
[THYMELEAF]             * [* {th:title,data-th-title}] [1000]: org.thymeleaf.standard.processor.StandardRemovableAttributeTagProcessor
[THYMELEAF]             * [* {th:http-equiv,data-th-http-equiv}] [1000]: org.thymeleaf.standard.processor.StandardRemovableAttributeTagProcessor
[THYMELEAF]             * [* {th:contextmenu,data-th-contextmenu}] [1000]: org.thymeleaf.standard.processor.StandardRemovableAttributeTagProcessor
[THYMELEAF]             * [* {th:rules,data-th-rules}] [1000]: org.thymeleaf.standard.processor.StandardRemovableAttributeTagProcessor
[THYMELEAF]             * [* {th:marginwidth,data-th-marginwidth}] [1000]: org.thymeleaf.standard.processor.StandardRemovableAttributeTagProcessor
[THYMELEAF]             * [* {th:target,data-th-target}] [1000]: org.thymeleaf.standard.processor.StandardRemovableAttributeTagProcessor
[THYMELEAF]             * [* {th:id,data-th-id}] [1000]: org.thymeleaf.standard.processor.StandardRemovableAttributeTagProcessor
[THYMELEAF]             * [* {th:border,data-th-border}] [1000]: org.thymeleaf.standard.processor.StandardRemovableAttributeTagProcessor
[THYMELEAF]             * [* {th:sizes,data-th-sizes}] [1000]: org.thymeleaf.standard.processor.StandardRemovableAttributeTagProcessor
[THYMELEAF]             * [* {th:hreflang,data-th-hreflang}] [1000]: org.thymeleaf.standard.processor.StandardRemovableAttributeTagProcessor
[THYMELEAF]             * [* {th:background,data-th-background}] [1000]: org.thymeleaf.standard.processor.StandardRemovableAttributeTagProcessor
[THYMELEAF]             * [* {th:rowspan,data-th-rowspan}] [1000]: org.thymeleaf.standard.processor.StandardRemovableAttributeTagProcessor
[THYMELEAF]             * [* {th:usemap,data-th-usemap}] [1000]: org.thymeleaf.standard.processor.StandardRemovableAttributeTagProcessor
[THYMELEAF]             * [* {th:sandbox,data-th-sandbox}] [1000]: org.thymeleaf.standard.processor.StandardRemovableAttributeTagProcessor
[THYMELEAF]             * [* {th:cellpadding,data-th-cellpadding}] [1000]: org.thymeleaf.standard.processor.StandardRemovableAttributeTagProcessor
[THYMELEAF]             * [* {th:cols,data-th-cols}] [1000]: org.thymeleaf.standard.processor.StandardRemovableAttributeTagProcessor
[THYMELEAF]             * [* {th:icon,data-th-icon}] [1000]: org.thymeleaf.standard.processor.StandardRemovableAttributeTagProcessor
[THYMELEAF]             * [* {th:size,data-th-size}] [1000]: org.thymeleaf.standard.processor.StandardRemovableAttributeTagProcessor
[THYMELEAF]             * [* {th:enctype,data-th-enctype}] [1000]: org.thymeleaf.standard.processor.StandardRemovableAttributeTagProcessor
[THYMELEAF]             * [* {th:align,data-th-align}] [1000]: org.thymeleaf.standard.processor.StandardRemovableAttributeTagProcessor
[THYMELEAF]             * [* {th:vspace,data-th-vspace}] [1000]: org.thymeleaf.standard.processor.StandardRemovableAttributeTagProcessor
[THYMELEAF]             * [* {th:codebase,data-th-codebase}] [1000]: org.thymeleaf.standard.processor.StandardRemovableAttributeTagProcessor
[THYMELEAF]             * [* {th:standby,data-th-standby}] [1000]: org.thymeleaf.standard.processor.StandardRemovableAttributeTagProcessor
[THYMELEAF]             * [* {th:media,data-th-media}] [1000]: org.thymeleaf.standard.processor.StandardRemovableAttributeTagProcessor
[THYMELEAF]             * [* {th:valuetype,data-th-valuetype}] [1000]: org.thymeleaf.standard.processor.StandardRemovableAttributeTagProcessor
[THYMELEAF]             * [* {th:src,data-th-src}] [1000]: org.thymeleaf.standard.processor.StandardSrcTagProcessor
[THYMELEAF]             * [* {th:value,data-th-value}] [1000]: org.thymeleaf.standard.processor.StandardValueTagProcessor
[THYMELEAF]             * [* {th:xmlbase,data-th-xmlbase}] [1000]: org.thymeleaf.standard.processor.StandardXmlBaseTagProcessor
[THYMELEAF]             * [* {th:xmllang,data-th-xmllang}] [1000]: org.thymeleaf.standard.processor.StandardXmlLangTagProcessor
[THYMELEAF]             * [* {xmlns:th}] [1000]: org.thymeleaf.standard.processor.StandardXmlNsTagProcessor
[THYMELEAF]             * [* {th:xmlspace,data-th-xmlspace}] [1000]: org.thymeleaf.standard.processor.StandardXmlSpaceTagProcessor
[THYMELEAF]             * [* {th:classappend,data-th-classappend}] [1100]: org.thymeleaf.standard.processor.StandardClassappendTagProcessor
[THYMELEAF]             * [* {th:styleappend,data-th-styleappend}] [1100]: org.thymeleaf.standard.processor.StandardStyleappendTagProcessor
[THYMELEAF]             * [* {th:text,data-th-text}] [1300]: org.thymeleaf.standard.processor.StandardTextTagProcessor
[THYMELEAF]             * [* {th:utext,data-th-utext}] [1400]: org.thymeleaf.standard.processor.StandardUtextTagProcessor
[THYMELEAF]             * [* {th:fragment,data-th-fragment}] [1500]: org.thymeleaf.standard.processor.StandardFragmentTagProcessor
[THYMELEAF]             * [* {th:assert,data-th-assert}] [1550]: org.thymeleaf.standard.processor.StandardAssertTagProcessor
[THYMELEAF]             * [* {th:remove,data-th-remove}] [1600]: org.thymeleaf.standard.processor.StandardRemoveTagProcessor
[THYMELEAF]             * [* {th:ref,data-th-ref}] [10000]: org.thymeleaf.standard.processor.StandardRefAttributeTagProcessor
[THYMELEAF]             * [{th:block,th-block} *] [100000]: org.thymeleaf.standard.processor.StandardBlockTagProcessor
[THYMELEAF]             * [* th:*] [2147483647]: org.thymeleaf.standard.processor.StandardDefaultAttributesTagProcessor
[THYMELEAF]         * Text Processors by [precedence]:
[THYMELEAF]             * [1000]: org.thymeleaf.standard.processor.StandardInliningTextProcessor
[THYMELEAF]         * DOCTYPE Processors by [precedence]:
[THYMELEAF]             * [1000]: org.thymeleaf.standard.processor.StandardTranslationDocTypeProcessor
[THYMELEAF]         * CDATA Section Processors by [precedence]:
[THYMELEAF]             * [1000]: org.thymeleaf.standard.processor.StandardInliningCDATASectionProcessor
[THYMELEAF]         * Comment Processors by [precedence]:
[THYMELEAF]             * [1000]: org.thymeleaf.standard.processor.StandardInliningCommentProcessor
[THYMELEAF]             * [1100]: org.thymeleaf.standard.processor.StandardConditionalCommentProcessor
[THYMELEAF]     * Processors for Template Mode: XML
[THYMELEAF]         * Element Tag Processors by [matching element and attribute name] [precedence]:
[THYMELEAF]             * [* {th:include}] [100]: org.thymeleaf.standard.processor.StandardIncludeTagProcessor
[THYMELEAF]             * [* {th:insert}] [100]: org.thymeleaf.standard.processor.StandardInsertTagProcessor
[THYMELEAF]             * [* {th:replace}] [100]: org.thymeleaf.standard.processor.StandardReplaceTagProcessor
[THYMELEAF]             * [* {th:each}] [200]: com.intuit.karate.template.KarateEachTagProcessor
[THYMELEAF]             * [* {th:switch}] [250]: org.thymeleaf.standard.processor.StandardSwitchTagProcessor
[THYMELEAF]             * [* {th:case}] [275]: org.thymeleaf.standard.processor.StandardCaseTagProcessor
[THYMELEAF]             * [* {th:if}] [300]: org.thymeleaf.standard.processor.StandardIfTagProcessor
[THYMELEAF]             * [* {th:unless}] [400]: org.thymeleaf.standard.processor.StandardUnlessTagProcessor
[THYMELEAF]             * [* {th:object}] [500]: org.thymeleaf.standard.processor.StandardObjectTagProcessor
[THYMELEAF]             * [* {th:with}] [600]: com.intuit.karate.template.KarateWithTagProcessor
[THYMELEAF]             * [* {th:attr}] [700]: com.intuit.karate.template.KarateAttributeTagProcessor.KarateAttrTagProcessor
[THYMELEAF]             * [* {th:attrappend}] [900]: com.intuit.karate.template.KarateAttributeTagProcessor.KarateAttrappendTagProcessor
[THYMELEAF]             * [* {th:attrprepend}] [900]: com.intuit.karate.template.KarateAttributeTagProcessor.KarateAttrprependTagProcessor
[THYMELEAF]             * [* {th:inline}] [1000]: org.thymeleaf.standard.processor.StandardInlineXMLTagProcessor
[THYMELEAF]             * [* {xmlns:th}] [1000]: org.thymeleaf.standard.processor.StandardXmlNsTagProcessor
[THYMELEAF]             * [* {th:text}] [1300]: org.thymeleaf.standard.processor.StandardTextTagProcessor
[THYMELEAF]             * [* {th:utext}] [1400]: org.thymeleaf.standard.processor.StandardUtextTagProcessor
[THYMELEAF]             * [* {th:fragment}] [1500]: org.thymeleaf.standard.processor.StandardFragmentTagProcessor
[THYMELEAF]             * [* {th:assert}] [1550]: org.thymeleaf.standard.processor.StandardAssertTagProcessor
[THYMELEAF]             * [* {th:remove}] [1600]: org.thymeleaf.standard.processor.StandardRemoveTagProcessor
[THYMELEAF]             * [* {th:ref}] [10000]: org.thymeleaf.standard.processor.StandardRefAttributeTagProcessor
[THYMELEAF]             * [{th:block} *] [100000]: org.thymeleaf.standard.processor.StandardBlockTagProcessor
[THYMELEAF]             * [* th:*] [2147483647]: org.thymeleaf.standard.processor.StandardDefaultAttributesTagProcessor
[THYMELEAF]         * Text Processors by [precedence]:
[THYMELEAF]             * [1000]: org.thymeleaf.standard.processor.StandardInliningTextProcessor
[THYMELEAF]         * CDATA Section Processors by [precedence]:
[THYMELEAF]             * [1000]: org.thymeleaf.standard.processor.StandardInliningCDATASectionProcessor
[THYMELEAF]         * Comment Processors by [precedence]:
[THYMELEAF]             * [1000]: org.thymeleaf.standard.processor.StandardInliningCommentProcessor
[THYMELEAF]     * Processors for Template Mode: TEXT
[THYMELEAF]         * Element Tag Processors by [matching element and attribute name] [precedence]:
[THYMELEAF]             * [* {th:insert}] [100]: org.thymeleaf.standard.processor.StandardInsertTagProcessor
[THYMELEAF]             * [* {th:replace}] [100]: org.thymeleaf.standard.processor.StandardReplaceTagProcessor
[THYMELEAF]             * [* {th:each}] [200]: com.intuit.karate.template.KarateEachTagProcessor
[THYMELEAF]             * [* {th:switch}] [250]: org.thymeleaf.standard.processor.StandardSwitchTagProcessor
[THYMELEAF]             * [* {th:case}] [275]: org.thymeleaf.standard.processor.StandardCaseTagProcessor
[THYMELEAF]             * [* {th:if}] [300]: org.thymeleaf.standard.processor.StandardIfTagProcessor
[THYMELEAF]             * [* {th:unless}] [400]: org.thymeleaf.standard.processor.StandardUnlessTagProcessor
[THYMELEAF]             * [* {th:object}] [500]: org.thymeleaf.standard.processor.StandardObjectTagProcessor
[THYMELEAF]             * [* {th:with}] [600]: com.intuit.karate.template.KarateWithTagProcessor
[THYMELEAF]             * [* {th:inline}] [1000]: org.thymeleaf.standard.processor.StandardInlineTextualTagProcessor
[THYMELEAF]             * [* {th:text}] [1300]: org.thymeleaf.standard.processor.StandardTextTagProcessor
[THYMELEAF]             * [* {th:utext}] [1400]: org.thymeleaf.standard.processor.StandardUtextTagProcessor
[THYMELEAF]             * [* {th:assert}] [1550]: org.thymeleaf.standard.processor.StandardAssertTagProcessor
[THYMELEAF]             * [* {th:remove}] [1600]: org.thymeleaf.standard.processor.StandardRemoveTagProcessor
[THYMELEAF]             * [* 100000] [org.thymeleaf.standard.processor.StandardBlockTagProcessor]: {}
[THYMELEAF]             * [{th:block} *] [100000]: org.thymeleaf.standard.processor.StandardBlockTagProcessor
[THYMELEAF]         * Text Processors by [precedence]:
[THYMELEAF]             * [1000]: org.thymeleaf.standard.processor.StandardInliningTextProcessor
[THYMELEAF]     * Processors for Template Mode: JAVASCRIPT
[THYMELEAF]         * Element Tag Processors by [matching element and attribute name] [precedence]:
[THYMELEAF]             * [* {th:insert}] [100]: org.thymeleaf.standard.processor.StandardInsertTagProcessor
[THYMELEAF]             * [* {th:replace}] [100]: org.thymeleaf.standard.processor.StandardReplaceTagProcessor
[THYMELEAF]             * [* {th:each}] [200]: com.intuit.karate.template.KarateEachTagProcessor
[THYMELEAF]             * [* {th:switch}] [250]: org.thymeleaf.standard.processor.StandardSwitchTagProcessor
[THYMELEAF]             * [* {th:case}] [275]: org.thymeleaf.standard.processor.StandardCaseTagProcessor
[THYMELEAF]             * [* {th:if}] [300]: org.thymeleaf.standard.processor.StandardIfTagProcessor
[THYMELEAF]             * [* {th:unless}] [400]: org.thymeleaf.standard.processor.StandardUnlessTagProcessor
[THYMELEAF]             * [* {th:object}] [500]: org.thymeleaf.standard.processor.StandardObjectTagProcessor
[THYMELEAF]             * [* {th:with}] [600]: com.intuit.karate.template.KarateWithTagProcessor
[THYMELEAF]             * [* {th:inline}] [1000]: org.thymeleaf.standard.processor.StandardInlineTextualTagProcessor
[THYMELEAF]             * [* {th:text}] [1300]: org.thymeleaf.standard.processor.StandardTextTagProcessor
[THYMELEAF]             * [* {th:utext}] [1400]: org.thymeleaf.standard.processor.StandardUtextTagProcessor
[THYMELEAF]             * [* {th:assert}] [1550]: org.thymeleaf.standard.processor.StandardAssertTagProcessor
[THYMELEAF]             * [* {th:remove}] [1600]: org.thymeleaf.standard.processor.StandardRemoveTagProcessor
[THYMELEAF]             * [{th:block} *] [100000]: org.thymeleaf.standard.processor.StandardBlockTagProcessor
[THYMELEAF]             * [* 100000] [org.thymeleaf.standard.processor.StandardBlockTagProcessor]: {}
[THYMELEAF]         * Text Processors by [precedence]:
[THYMELEAF]             * [1000]: org.thymeleaf.standard.processor.StandardInliningTextProcessor
[THYMELEAF]     * Processors for Template Mode: CSS
[THYMELEAF]         * Element Tag Processors by [matching element and attribute name] [precedence]:
[THYMELEAF]             * [* {th:insert}] [100]: org.thymeleaf.standard.processor.StandardInsertTagProcessor
[THYMELEAF]             * [* {th:replace}] [100]: org.thymeleaf.standard.processor.StandardReplaceTagProcessor
[THYMELEAF]             * [* {th:each}] [200]: com.intuit.karate.template.KarateEachTagProcessor
[THYMELEAF]             * [* {th:switch}] [250]: org.thymeleaf.standard.processor.StandardSwitchTagProcessor
[THYMELEAF]             * [* {th:case}] [275]: org.thymeleaf.standard.processor.StandardCaseTagProcessor
[THYMELEAF]             * [* {th:if}] [300]: org.thymeleaf.standard.processor.StandardIfTagProcessor
[THYMELEAF]             * [* {th:unless}] [400]: org.thymeleaf.standard.processor.StandardUnlessTagProcessor
[THYMELEAF]             * [* {th:object}] [500]: org.thymeleaf.standard.processor.StandardObjectTagProcessor
[THYMELEAF]             * [* {th:with}] [600]: com.intuit.karate.template.KarateWithTagProcessor
[THYMELEAF]             * [* {th:inline}] [1000]: org.thymeleaf.standard.processor.StandardInlineTextualTagProcessor
[THYMELEAF]             * [* {th:text}] [1300]: org.thymeleaf.standard.processor.StandardTextTagProcessor
[THYMELEAF]             * [* {th:utext}] [1400]: org.thymeleaf.standard.processor.StandardUtextTagProcessor
[THYMELEAF]             * [* {th:assert}] [1550]: org.thymeleaf.standard.processor.StandardAssertTagProcessor
[THYMELEAF]             * [* {th:remove}] [1600]: org.thymeleaf.standard.processor.StandardRemoveTagProcessor
[THYMELEAF]             * [* 100000] [org.thymeleaf.standard.processor.StandardBlockTagProcessor]: {}
[THYMELEAF]             * [{th:block} *] [100000]: org.thymeleaf.standard.processor.StandardBlockTagProcessor
[THYMELEAF]         * Text Processors by [precedence]:
[THYMELEAF]             * [1000]: org.thymeleaf.standard.processor.StandardInliningTextProcessor
[THYMELEAF]     * Expression Objects:
[THYMELEAF]         * #ctx
[THYMELEAF]         * #root
[THYMELEAF]         * #vars
[THYMELEAF]         * #object
[THYMELEAF]         * #locale
[THYMELEAF]         * #conversions
[THYMELEAF]         * #uris
[THYMELEAF]         * #temporals
[THYMELEAF]         * #calendars
[THYMELEAF]         * #dates
[THYMELEAF]         * #bools
[THYMELEAF]         * #numbers
[THYMELEAF]         * #objects
[THYMELEAF]         * #strings
[THYMELEAF]         * #arrays
[THYMELEAF]         * #lists
[THYMELEAF]         * #sets
[THYMELEAF]         * #maps
[THYMELEAF]         * #aggregates
[THYMELEAF]         * #messages
[THYMELEAF]         * #ids
[THYMELEAF]         * #execInfo
[THYMELEAF]         * #request
[THYMELEAF]         * #response
[THYMELEAF]         * #session
[THYMELEAF]         * #servletContext
[THYMELEAF]     * Execution Attributes:
[THYMELEAF]         * "StandardExpressionParser": com.intuit.karate.template.KarateStandardDialect@31b741e2
[THYMELEAF]         * "StandardJavaScriptSerializer": org.thymeleaf.standard.serializer.StandardJavaScriptSerializer@26865b57
[THYMELEAF]         * "StandardCSSSerializer": org.thymeleaf.standard.serializer.StandardCSSSerializer@46894dc5
[THYMELEAF]         * "StandardVariableExpressionEvaluator": com.intuit.karate.template.KarateStandardDialect@31b741e2
[THYMELEAF]         * "StandardConversionService": org.thymeleaf.standard.expression.StandardConversionService@596afb2f
[THYMELEAF] * Dialect [2 of 2]: karate (com.intuit.karate.template.KarateScriptDialect)
[THYMELEAF]     * Prefix: "ka"
[THYMELEAF]     * Processors for Template Mode: HTML
[THYMELEAF]         * Element Tag Processors by [matching element and attribute name] [precedence]:
[THYMELEAF]             * [* {src}] [1000]: com.intuit.karate.template.KaScriptAttrProcessor
[THYMELEAF]         * Element Model Processors by [matching element and attribute name] [precedence]:
[THYMELEAF]             * [{script} {ka:scope,data-ka-scope}] [1000]: com.intuit.karate.template.KaScriptElemProcessor
[THYMELEAF]             * [* {ka:set,data-ka-set}] [1000]: com.intuit.karate.template.KaSetElemProcessor
[THYMELEAF] TEMPLATE ENGINE CONFIGURED OK
16:29:19.594 [main] DEBUG org.thymeleaf.TemplateEngine -- [THYMELEAF] TEMPLATE ENGINE INITIALIZED

HTML report: (paste into browser to view) | Karate version: 1.4.1
file:///D:/ScriptLab_API_Portfolio/karate/target/karate-reports/karate-summary.html
===================================================================

]]></system-out>
  </testcase>
</testsuite>